#
# There is insufficient memory for the Java Runtime Environment to continue.
# Native memory allocation (malloc) failed to allocate 915536 bytes for Chunk::new
# Possible reasons:
#   The system is out of physical RAM or swap space
#   In 32 bit mode, the process size limit was hit
# Possible solutions:
#   Reduce memory load on the system
#   Increase physical memory or swap space
#   Check if swap backing store is full
#   Use 64 bit Java on a 64 bit OS
#   Decrease Java heap size (-Xmx/-Xms)
#   Decrease number of Java threads
#   Decrease Java thread stack sizes (-Xss)
#   Set larger code cache with -XX:ReservedCodeCacheSize=
# This output file may be truncated or incomplete.
#
#  Out of Memory Error (allocation.cpp:390), pid=3996, tid=0x00000000000008cc
#
# JRE version: OpenJDK Runtime Environment (8.0_152-b06) (build 1.8.0_152-release-1136-b06)
# Java VM: OpenJDK 64-Bit Server VM (25.152-b06 mixed mode windows-amd64 compressed oops)
# Failed to write core dump. Minidumps are not enabled by default on client versions of Windows
#

---------------  T H R E A D  ---------------

Current thread (0x00000000168bb800):  JavaThread "C2 CompilerThread1" daemon [_thread_in_native, id=2252, stack(0x0000000018010000,0x0000000018110000)]

Stack: [0x0000000018010000,0x0000000018110000]
[error occurred during error reporting (printing stack bounds), id 0xc0000005]

Native frames: (J=compiled Java code, j=interpreted, Vv=VM code, C=native code)


Current CompileTask:
C2:  75694 12676   !   4       java.nio.file.FileTreeWalker::visit (204 bytes)


---------------  P R O C E S S  ---------------

Java Threads: ( => current thread )
  0x00000000258bb800 JavaThread "Task worker for ':' Thread 3" [_thread_blocked, id=14364, stack(0x0000000023340000,0x0000000023440000)]
  0x00000000258b4000 JavaThread "Task worker for ':' Thread 2" [_thread_blocked, id=7212, stack(0x0000000022e20000,0x0000000022f20000)]
  0x00000000258bb000 JavaThread "Task worker for ':'" [_thread_in_native, id=5912, stack(0x0000000022290000,0x0000000022390000)]
  0x00000000258ba000 JavaThread "Cache worker for Build Output Cleanup Cache (E:\My_Work\Android\Published Apps\InstantDownloader\.gradle\buildOutputCleanup)" [_thread_blocked, id=11968, stack(0x0000000020530000,0x0000000020630000)]
  0x00000000258b9800 JavaThread "Cache worker for task history cache (E:\My_Work\Android\Published Apps\InstantDownloader\.gradle\4.6\taskHistory)" [_thread_blocked, id=1012, stack(0x0000000020430000,0x0000000020530000)]
  0x00000000258b2800 JavaThread "Cache worker for file content cache (E:\My_Work\Android\Published Apps\InstantDownloader\.gradle\4.6\fileContent)" [_thread_blocked, id=13736, stack(0x0000000020330000,0x0000000020430000)]
  0x00000000258b8800 JavaThread "Build operations Thread 4" [_thread_blocked, id=18392, stack(0x0000000020130000,0x0000000020230000)]
  0x00000000258b8000 JavaThread "Build operations Thread 3" [_thread_blocked, id=4292, stack(0x000000001edc0000,0x000000001eec0000)]
  0x00000000258b6800 JavaThread "Build operations Thread 2" [_thread_blocked, id=12752, stack(0x000000001c430000,0x000000001c530000)]
  0x00000000258b3800 JavaThread "Build operations" [_thread_blocked, id=13540, stack(0x000000001af60000,0x000000001b060000)]
  0x00000000258b0800 JavaThread "Cache worker for Artifact transforms cache (C:\Users\Dell\.gradle\caches\transforms-1)" [_thread_blocked, id=16948, stack(0x000000001ae60000,0x000000001af60000)]
  0x00000000258b7000 JavaThread "Cache worker for file hash cache (E:\My_Work\Android\Published Apps\InstantDownloader\.gradle\4.6\fileHashes)" [_thread_blocked, id=10628, stack(0x000000001ac60000,0x000000001ad60000)]
  0x00000000258b5800 JavaThread "Stdin handler" [_thread_blocked, id=17272, stack(0x000000001a960000,0x000000001aa60000)]
  0x00000000258b1000 JavaThread "Asynchronous log dispatcher for DefaultDaemonConnection: socket connection from /127.0.0.1:61629 to /127.0.0.1:61657" [_thread_blocked, id=8724, stack(0x00000000013a0000,0x00000000014a0000)]
  0x00000000258af000 JavaThread "Cancel handler" [_thread_blocked, id=9856, stack(0x00000000012a0000,0x00000000013a0000)]
  0x00000000258b5000 JavaThread "Handler for socket connection from /127.0.0.1:61629 to /127.0.0.1:61657" [_thread_in_native, id=8808, stack(0x00000000011a0000,0x00000000012a0000)]
  0x000000001bee1800 JavaThread "Memory manager" [_thread_blocked, id=2020, stack(0x0000000021f90000,0x0000000022090000)]
  0x0000000019828800 JavaThread "pool-1-thread-1" [_thread_blocked, id=16984, stack(0x0000000021c90000,0x0000000021d90000)]
  0x000000001995e800 JavaThread "File lock request listener" [_thread_in_native, id=18080, stack(0x000000001b360000,0x000000001b460000)]
  0x00000000196bd000 JavaThread "Cache worker for file hash cache (C:\Users\Dell\.gradle\caches\4.6\fileHashes)" [_thread_blocked, id=14148, stack(0x000000001b260000,0x000000001b360000)]
  0x0000000018a85000 JavaThread "Daemon worker" [_thread_blocked, id=5852, stack(0x000000001ad60000,0x000000001ae60000)]
  0x0000000018ec2800 JavaThread "Daemon" [_thread_blocked, id=11716, stack(0x000000001a860000,0x000000001a960000)]
  0x00000000195d8000 JavaThread "Daemon periodic checks" [_thread_blocked, id=15616, stack(0x000000001a760000,0x000000001a860000)]
  0x00000000195e5000 JavaThread "Incoming local TCP Connector on port 61629" [_thread_in_native, id=10216, stack(0x000000001a520000,0x000000001a620000)]
  0x0000000018210800 JavaThread "Service Thread" daemon [_thread_blocked, id=17584, stack(0x0000000018610000,0x0000000018710000)]
  0x00000000168bc800 JavaThread "C1 CompilerThread2" daemon [_thread_blocked, id=14168, stack(0x0000000018110000,0x0000000018210000)]
=>0x00000000168bb800 JavaThread "C2 CompilerThread1" daemon [_thread_in_native, id=2252, stack(0x0000000018010000,0x0000000018110000)]
  0x00000000168ba000 JavaThread "C2 CompilerThread0" daemon [_thread_in_native, id=14020, stack(0x0000000017f10000,0x0000000018010000)]
  0x00000000168b9000 JavaThread "Attach Listener" daemon [_thread_blocked, id=14872, stack(0x0000000017e10000,0x0000000017f10000)]
  0x00000000168b5800 JavaThread "Signal Dispatcher" daemon [_thread_blocked, id=2080, stack(0x0000000017d10000,0x0000000017e10000)]
  0x000000001689e000 JavaThread "Finalizer" daemon [_thread_blocked, id=8152, stack(0x0000000017b10000,0x0000000017c10000)]
  0x0000000002f32800 JavaThread "Reference Handler" daemon [_thread_blocked, id=13000, stack(0x0000000017a10000,0x0000000017b10000)]
  0x0000000002e3e000 JavaThread "main" [_thread_blocked, id=17704, stack(0x0000000002cd0000,0x0000000002dd0000)]

Other Threads:
  0x0000000016874800 VMThread [stack: 0x0000000017910000,0x0000000017a10000] [id=15624]
  0x0000000018211000 WatcherThread [stack: 0x0000000018710000,0x0000000018810000] [id=4524]

VM state:not at safepoint (normal execution)

VM Mutex/Monitor currently owned by a thread: None

Heap:
 PSYoungGen      total 288256K, used 168456K [0x00000000e0000000, 0x00000000f6c00000, 0x0000000100000000)
  eden space 241664K, 64% used [0x00000000e0000000,0x00000000e992c5f0,0x00000000eec00000)
  from space 46592K, 24% used [0x00000000f3e80000,0x00000000f49d5a40,0x00000000f6c00000)
  to   space 65536K, 0% used [0x00000000eec00000,0x00000000eec00000,0x00000000f2c00000)
 ParOldGen       total 154624K, used 96168K [0x00000000a0000000, 0x00000000a9700000, 0x00000000e0000000)
  object space 154624K, 62% used [0x00000000a0000000,0x00000000a5dea1c8,0x00000000a9700000)
 Metaspace       used 84476K, capacity 87126K, committed 87384K, reserved 1126400K
  class space    used 10759K, capacity 11328K, committed 11392K, reserved 1048576K

Card table byte_map: [0x0000000012300000,0x0000000012610000] byte_map_base: 0x0000000011e00000

Marking Bits: (ParMarkBitMap*) 0x0000000061dd5aa0
 Begin Bits: [0x0000000012c10000, 0x0000000014410000)
 End Bits:   [0x0000000014410000, 0x0000000015c10000)

Polling page: 0x0000000001090000

CodeCache: size=245760Kb used=32403Kb max_used=32435Kb free=213356Kb
 bounds [0x0000000002f40000, 0x0000000004f30000, 0x0000000011f40000]
 total_blobs=11198 nmethods=10347 adapters=763
 compilation: enabled

Compilation events (10 events):
Event: 75.548 Thread 0x00000000168bc800 12751       3       com.google.common.collect.ArrayListMultimap::asMap (5 bytes)
Event: 75.548 Thread 0x00000000168bc800 nmethod 12751 0x0000000004c9d1d0 code [0x0000000004c9d340, 0x0000000004c9d688]
Event: 75.548 Thread 0x00000000168bc800 12752       3       com.google.common.collect.AbstractListMultimap::asMap (5 bytes)
Event: 75.549 Thread 0x00000000168bc800 nmethod 12752 0x0000000004e59410 code [0x0000000004e59580, 0x0000000004e59868]
Event: 75.574 Thread 0x00000000168ba000 nmethod 12656 0x0000000004f06e10 code [0x0000000004f07820, 0x0000000004f11a60]
Event: 75.574 Thread 0x00000000168ba000 12733   !   4       java.io.ObjectOutputStream::defaultWriteFields (270 bytes)
Event: 75.614 Thread 0x00000000168ba000 nmethod 12733 0x0000000004dd4d10 code [0x0000000004dd5020, 0x0000000004dd5ee0]
Event: 75.614 Thread 0x00000000168ba000 12724       4       com.esotericsoftware.kryo.io.Output::writeInt (433 bytes)
Event: 75.631 Thread 0x00000000168ba000 nmethod 12724 0x0000000004ecb890 code [0x0000000004ecba40, 0x0000000004ecc180]
Event: 75.631 Thread 0x00000000168ba000 12677   !   4       java.nio.file.FileTreeWalker::getAttributes (94 bytes)

GC Heap History (10 events):
Event: 37.083 GC heap before
{Heap before GC invocations=14 (full 3):
 PSYoungGen      total 203776K, used 183223K [0x00000000e0000000, 0x00000000edc00000, 0x0000000100000000)
  eden space 183296K, 99% used [0x00000000e0000000,0x00000000eb2ede68,0x00000000eb300000)
  from space 20480K, 0% used [0x00000000ec780000,0x00000000ec780000,0x00000000edb80000)
  to   space 20992K, 0% used [0x00000000eb300000,0x00000000eb300000,0x00000000ec780000)
 ParOldGen       total 154624K, used 36005K [0x00000000a0000000, 0x00000000a9700000, 0x00000000e0000000)
  object space 154624K, 23% used [0x00000000a0000000,0x00000000a2329618,0x00000000a9700000)
 Metaspace       used 76727K, capacity 78574K, committed 78936K, reserved 1118208K
  class space    used 9796K, capacity 10260K, committed 10368K, reserved 1048576K
Event: 37.136 GC heap after
Heap after GC invocations=14 (full 3):
 PSYoungGen      total 204288K, used 20987K [0x00000000e0000000, 0x00000000f0780000, 0x0000000100000000)
  eden space 183296K, 0% used [0x00000000e0000000,0x00000000e0000000,0x00000000eb300000)
  from space 20992K, 99% used [0x00000000eb300000,0x00000000ec77ed98,0x00000000ec780000)
  to   space 26624K, 0% used [0x00000000eed80000,0x00000000eed80000,0x00000000f0780000)
 ParOldGen       total 154624K, used 43178K [0x00000000a0000000, 0x00000000a9700000, 0x00000000e0000000)
  object space 154624K, 27% used [0x00000000a0000000,0x00000000a2a2a920,0x00000000a9700000)
 Metaspace       used 76727K, capacity 78574K, committed 78936K, reserved 1118208K
  class space    used 9796K, capacity 10260K, committed 10368K, reserved 1048576K
}
Event: 42.371 GC heap before
{Heap before GC invocations=15 (full 3):
 PSYoungGen      total 204288K, used 204283K [0x00000000e0000000, 0x00000000f0780000, 0x0000000100000000)
  eden space 183296K, 100% used [0x00000000e0000000,0x00000000eb300000,0x00000000eb300000)
  from space 20992K, 99% used [0x00000000eb300000,0x00000000ec77ed98,0x00000000ec780000)
  to   space 26624K, 0% used [0x00000000eed80000,0x00000000eed80000,0x00000000f0780000)
 ParOldGen       total 154624K, used 43178K [0x00000000a0000000, 0x00000000a9700000, 0x00000000e0000000)
  object space 154624K, 27% used [0x00000000a0000000,0x00000000a2a2a920,0x00000000a9700000)
 Metaspace       used 81551K, capacity 83672K, committed 83928K, reserved 1122304K
  class space    used 10418K, capacity 10915K, committed 11008K, reserved 1048576K
Event: 42.557 GC heap after
Heap after GC invocations=15 (full 3):
 PSYoungGen      total 224256K, used 26622K [0x00000000e0000000, 0x00000000f3900000, 0x0000000100000000)
  eden space 197632K, 0% used [0x00000000e0000000,0x00000000e0000000,0x00000000ec100000)
  from space 26624K, 99% used [0x00000000eed80000,0x00000000f077f8d0,0x00000000f0780000)
  to   space 45568K, 0% used [0x00000000ec100000,0x00000000ec100000,0x00000000eed80000)
 ParOldGen       total 154624K, used 84107K [0x00000000a0000000, 0x00000000a9700000, 0x00000000e0000000)
  object space 154624K, 54% used [0x00000000a0000000,0x00000000a5222dd8,0x00000000a9700000)
 Metaspace       used 81551K, capacity 83672K, committed 83928K, reserved 1122304K
  class space    used 10418K, capacity 10915K, committed 11008K, reserved 1048576K
}
Event: 47.062 GC heap before
{Heap before GC invocations=16 (full 3):
 PSYoungGen      total 224256K, used 224254K [0x00000000e0000000, 0x00000000f3900000, 0x0000000100000000)
  eden space 197632K, 100% used [0x00000000e0000000,0x00000000ec100000,0x00000000ec100000)
  from space 26624K, 99% used [0x00000000eed80000,0x00000000f077f8d0,0x00000000f0780000)
  to   space 45568K, 0% used [0x00000000ec100000,0x00000000ec100000,0x00000000eed80000)
 ParOldGen       total 154624K, used 84107K [0x00000000a0000000, 0x00000000a9700000, 0x00000000e0000000)
  object space 154624K, 54% used [0x00000000a0000000,0x00000000a5222dd8,0x00000000a9700000)
 Metaspace       used 81964K, capacity 84212K, committed 84440K, reserved 1122304K
  class space    used 10461K, capacity 10993K, committed 11008K, reserved 1048576K
Event: 47.270 GC heap after
Heap after GC invocations=16 (full 3):
 PSYoungGen      total 243200K, used 45553K [0x00000000e0000000, 0x00000000f8080000, 0x0000000100000000)
  eden space 197632K, 0% used [0x00000000e0000000,0x00000000e0000000,0x00000000ec100000)
  from space 45568K, 99% used [0x00000000ec100000,0x00000000eed7c450,0x00000000eed80000)
  to   space 67584K, 0% used [0x00000000f3e80000,0x00000000f3e80000,0x00000000f8080000)
 ParOldGen       total 154624K, used 123095K [0x00000000a0000000, 0x00000000a9700000, 0x00000000e0000000)
  object space 154624K, 79% used [0x00000000a0000000,0x00000000a7835d90,0x00000000a9700000)
 Metaspace       used 81964K, capacity 84212K, committed 84440K, reserved 1122304K
  class space    used 10461K, capacity 10993K, committed 11008K, reserved 1048576K
}
Event: 47.270 GC heap before
{Heap before GC invocations=17 (full 4):
 PSYoungGen      total 243200K, used 45553K [0x00000000e0000000, 0x00000000f8080000, 0x0000000100000000)
  eden space 197632K, 0% used [0x00000000e0000000,0x00000000e0000000,0x00000000ec100000)
  from space 45568K, 99% used [0x00000000ec100000,0x00000000eed7c450,0x00000000eed80000)
  to   space 67584K, 0% used [0x00000000f3e80000,0x00000000f3e80000,0x00000000f8080000)
 ParOldGen       total 154624K, used 123095K [0x00000000a0000000, 0x00000000a9700000, 0x00000000e0000000)
  object space 154624K, 79% used [0x00000000a0000000,0x00000000a7835d90,0x00000000a9700000)
 Metaspace       used 81964K, capacity 84212K, committed 84440K, reserved 1122304K
  class space    used 10461K, capacity 10993K, committed 11008K, reserved 1048576K
Event: 48.386 GC heap after
Heap after GC invocations=17 (full 4):
 PSYoungGen      total 243200K, used 0K [0x00000000e0000000, 0x00000000f8080000, 0x0000000100000000)
  eden space 197632K, 0% used [0x00000000e0000000,0x00000000e0000000,0x00000000ec100000)
  from space 45568K, 0% used [0x00000000ec100000,0x00000000ec100000,0x00000000eed80000)
  to   space 67584K, 0% used [0x00000000f3e80000,0x00000000f3e80000,0x00000000f8080000)
 ParOldGen       total 154624K, used 96160K [0x00000000a0000000, 0x00000000a9700000, 0x00000000e0000000)
  object space 154624K, 62% used [0x00000000a0000000,0x00000000a5de81c8,0x00000000a9700000)
 Metaspace       used 81959K, capacity 84194K, committed 84440K, reserved 1122304K
  class space    used 10459K, capacity 10990K, committed 11008K, reserved 1048576K
}
Event: 53.370 GC heap before
{Heap before GC invocations=18 (full 4):
 PSYoungGen      total 243200K, used 197632K [0x00000000e0000000, 0x00000000f8080000, 0x0000000100000000)
  eden space 197632K, 100% used [0x00000000e0000000,0x00000000ec100000,0x00000000ec100000)
  from space 45568K, 0% used [0x00000000ec100000,0x00000000ec100000,0x00000000eed80000)
  to   space 67584K, 0% used [0x00000000f3e80000,0x00000000f3e80000,0x00000000f8080000)
 ParOldGen       total 154624K, used 96160K [0x00000000a0000000, 0x00000000a9700000, 0x00000000e0000000)
  object space 154624K, 62% used [0x00000000a0000000,0x00000000a5de81c8,0x00000000a9700000)
 Metaspace       used 83133K, capacity 85640K, committed 85976K, reserved 1124352K
  class space    used 10614K, capacity 11153K, committed 11264K, reserved 1048576K
Event: 53.404 GC heap after
Heap after GC invocations=18 (full 4):
 PSYoungGen      total 288256K, used 11606K [0x00000000e0000000, 0x00000000f6c00000, 0x0000000100000000)
  eden space 241664K, 0% used [0x00000000e0000000,0x00000000e0000000,0x00000000eec00000)
  from space 46592K, 24% used [0x00000000f3e80000,0x00000000f49d5a40,0x00000000f6c00000)
  to   space 65536K, 0% used [0x00000000eec00000,0x00000000eec00000,0x00000000f2c00000)
 ParOldGen       total 154624K, used 96168K [0x00000000a0000000, 0x00000000a9700000, 0x00000000e0000000)
  object space 154624K, 62% used [0x00000000a0000000,0x00000000a5dea1c8,0x00000000a9700000)
 Metaspace       used 83133K, capacity 85640K, committed 85976K, reserved 1124352K
  class space    used 10614K, capacity 11153K, committed 11264K, reserved 1048576K
}

Deoptimization events (10 events):
Event: 73.697 Thread 0x0000000018a85000 Uncommon trap: reason=bimorphic action=maybe_recompile pc=0x00000000038ea100 method=com.google.common.cache.LocalCache$Segment.setValue(Lcom/google/common/cache/LocalCache$ReferenceEntry;Ljava/lang/Object;Ljava/lang/Object;J)V @ 1
Event: 73.713 Thread 0x0000000018a85000 Uncommon trap: reason=unstable_if action=reinterpret pc=0x0000000004dfe874 method=com.google.common.collect.Maps.capacity(I)I @ 2
Event: 73.744 Thread 0x0000000018a85000 Uncommon trap: reason=bimorphic action=maybe_recompile pc=0x00000000047fbfcc method=com.google.common.cache.LocalCache$Segment.storeLoadedValue(Ljava/lang/Object;ILcom/google/common/cache/LocalCache$LoadingValueReference;Ljava/lang/Object;)Z @ 91
Event: 73.744 Thread 0x0000000018a85000 Uncommon trap: reason=bimorphic action=maybe_recompile pc=0x00000000038ea100 method=com.google.common.cache.LocalCache$Segment.setValue(Lcom/google/common/cache/LocalCache$ReferenceEntry;Ljava/lang/Object;Ljava/lang/Object;J)V @ 1
Event: 73.744 Thread 0x0000000018a85000 Uncommon trap: reason=bimorphic action=maybe_recompile pc=0x00000000047fbfcc method=com.google.common.cache.LocalCache$Segment.storeLoadedValue(Ljava/lang/Object;ILcom/google/common/cache/LocalCache$LoadingValueReference;Ljava/lang/Object;)Z @ 91
Event: 73.844 Thread 0x0000000018a85000 Uncommon trap: reason=unstable_if action=reinterpret pc=0x0000000003244c68 method=java.util.stream.MatchOps$BooleanTerminalSink.<init>(Ljava/util/stream/MatchOps$MatchKind;)V @ 9
Event: 73.880 Thread 0x0000000018a85000 Uncommon trap: reason=class_check action=maybe_recompile pc=0x00000000036a64b8 method=java.util.stream.ReferencePipeline.forEachWithCancel(Ljava/util/Spliterator;Ljava/util/stream/Sink;)V @ 1
Event: 73.887 Thread 0x0000000018a85000 Uncommon trap: reason=class_check action=maybe_recompile pc=0x00000000036a64b8 method=java.util.stream.ReferencePipeline.forEachWithCancel(Ljava/util/Spliterator;Ljava/util/stream/Sink;)V @ 1
Event: 73.887 Thread 0x0000000018a85000 Uncommon trap: reason=class_check action=maybe_recompile pc=0x00000000036a64b8 method=java.util.stream.ReferencePipeline.forEachWithCancel(Ljava/util/Spliterator;Ljava/util/stream/Sink;)V @ 1
Event: 73.980 Thread 0x0000000018a85000 Uncommon trap: reason=unstable_if action=reinterpret pc=0x00000000044289d4 method=org.gradle.api.internal.artifacts.ivyservice.resolveengine.artifact.ArtifactBackedResolvedVariant$SingleArtifactSet.startVisit(Lorg/gradle/internal/operations/BuildOperation

Classes redefined (0 events):
No events

Internal exceptions (10 events):
Event: 73.827 Thread 0x0000000018a85000 Exception <a 'sun/nio/fs/WindowsException'> (0x00000000e7a229e0) thrown at [D:\src\AOSP-openjdk-cygwin\jdk8u\hotspot\src\share\vm\prims\jni.cpp, line 709]
Event: 73.828 Thread 0x0000000018a85000 Exception <a 'sun/nio/fs/WindowsException'> (0x00000000e7a23588) thrown at [D:\src\AOSP-openjdk-cygwin\jdk8u\hotspot\src\share\vm\prims\jni.cpp, line 709]
Event: 73.828 Thread 0x0000000018a85000 Exception <a 'sun/nio/fs/WindowsException'> (0x00000000e7a25f00) thrown at [D:\src\AOSP-openjdk-cygwin\jdk8u\hotspot\src\share\vm\prims\jni.cpp, line 709]
Event: 73.828 Thread 0x0000000018a85000 Exception <a 'sun/nio/fs/WindowsException'> (0x00000000e7a26ad8) thrown at [D:\src\AOSP-openjdk-cygwin\jdk8u\hotspot\src\share\vm\prims\jni.cpp, line 709]
Event: 73.828 Thread 0x0000000018a85000 Exception <a 'sun/nio/fs/WindowsException'> (0x00000000e7a286f0) thrown at [D:\src\AOSP-openjdk-cygwin\jdk8u\hotspot\src\share\vm\prims\jni.cpp, line 709]
Event: 73.828 Thread 0x0000000018a85000 Exception <a 'sun/nio/fs/WindowsException'> (0x00000000e7a29300) thrown at [D:\src\AOSP-openjdk-cygwin\jdk8u\hotspot\src\share\vm\prims\jni.cpp, line 709]
Event: 73.829 Thread 0x0000000018a85000 Exception <a 'sun/nio/fs/WindowsException'> (0x00000000e7a2be38) thrown at [D:\src\AOSP-openjdk-cygwin\jdk8u\hotspot\src\share\vm\prims\jni.cpp, line 709]
Event: 73.829 Thread 0x0000000018a85000 Exception <a 'sun/nio/fs/WindowsException'> (0x00000000e7a2ca88) thrown at [D:\src\AOSP-openjdk-cygwin\jdk8u\hotspot\src\share\vm\prims\jni.cpp, line 709]
Event: 73.829 Thread 0x0000000018a85000 Exception <a 'sun/nio/fs/WindowsException'> (0x00000000e7a2e718) thrown at [D:\src\AOSP-openjdk-cygwin\jdk8u\hotspot\src\share\vm\prims\jni.cpp, line 709]
Event: 73.829 Thread 0x0000000018a85000 Exception <a 'sun/nio/fs/WindowsException'> (0x00000000e7a2f3a0) thrown at [D:\src\AOSP-openjdk-cygwin\jdk8u\hotspot\src\share\vm\prims\jni.cpp, line 709]

Events (10 events):
Event: 75.546 Thread 0x00000000168bc800 flushing nmethod 0x0000000004c9d1d0
Event: 75.547 Thread 0x00000000168bc800 flushing nmethod 0x0000000004dcf950
Event: 75.547 Thread 0x00000000168bc800 flushing nmethod 0x0000000004de1bd0
Event: 75.547 Thread 0x00000000168bc800 flushing nmethod 0x0000000004e27b50
Event: 75.547 Thread 0x00000000168bc800 flushing nmethod 0x0000000004e59410
Event: 75.547 Thread 0x00000000168bc800 flushing nmethod 0x0000000004e59f10
Event: 75.547 Thread 0x00000000168bc800 flushing nmethod 0x0000000004e5a490
Event: 75.547 Thread 0x00000000168bc800 flushing nmethod 0x0000000004e5a910
Event: 75.547 Thread 0x00000000168bc800 flushing nmethod 0x0000000004e5ad90
Event: 75.548 Thread 0x00000000168bc800 flushing nmethod 0x0000000004ecaad0


Dynamic libraries:
0x00007ff6d3250000 - 0x00007ff6d3281000 	C:\Program Files\Android\Android Studio\jre\bin\java.exe
0x00007ffe5c440000 - 0x00007ffe5c62f000 	C:\WINDOWS\SYSTEM32\ntdll.dll
0x00007ffe5c340000 - 0x00007ffe5c3f2000 	C:\WINDOWS\System32\KERNEL32.DLL
0x00007ffe59620000 - 0x00007ffe598c9000 	C:\WINDOWS\System32\KERNELBASE.dll
0x00007ffe5b640000 - 0x00007ffe5b6e2000 	C:\WINDOWS\System32\ADVAPI32.dll
0x00007ffe5b1a0000 - 0x00007ffe5b23e000 	C:\WINDOWS\System32\msvcrt.dll
0x00007ffe5b100000 - 0x00007ffe5b197000 	C:\WINDOWS\System32\sechost.dll
0x00007ffe5bc60000 - 0x00007ffe5bd7d000 	C:\WINDOWS\System32\RPCRT4.dll
0x00007ffe5c070000 - 0x00007ffe5c208000 	C:\WINDOWS\System32\USER32.dll
0x00007ffe59410000 - 0x00007ffe59431000 	C:\WINDOWS\System32\win32u.dll
0x00007ffe5a830000 - 0x00007ffe5a856000 	C:\WINDOWS\System32\GDI32.dll
0x00007ffe599f0000 - 0x00007ffe59b84000 	C:\WINDOWS\System32\gdi32full.dll
0x00007ffe598d0000 - 0x00007ffe5996e000 	C:\WINDOWS\System32\msvcp_win.dll
0x00007ffe59520000 - 0x00007ffe5961a000 	C:\WINDOWS\System32\ucrtbase.dll
0x00007ffe4bf80000 - 0x00007ffe4c205000 	C:\WINDOWS\WinSxS\amd64_microsoft.windows.common-controls_6595b64144ccf1df_6.0.18342.8_none_d1d7f3b7244f7a80\COMCTL32.dll
0x00007ffe5b300000 - 0x00007ffe5b636000 	C:\WINDOWS\System32\combase.dll
0x00007ffe59970000 - 0x00007ffe599ef000 	C:\WINDOWS\System32\bcryptPrimitives.dll
0x00007ffe5c2a0000 - 0x00007ffe5c2ce000 	C:\WINDOWS\System32\IMM32.DLL
0x0000000061530000 - 0x0000000061602000 	C:\Program Files\Android\Android Studio\jre\jre\bin\msvcr100.dll
0x0000000061610000 - 0x0000000061e51000 	C:\Program Files\Android\Android Studio\jre\jre\bin\server\jvm.dll
0x00007ffe5c330000 - 0x00007ffe5c338000 	C:\WINDOWS\System32\PSAPI.DLL
0x00007ffe497f0000 - 0x00007ffe497f9000 	C:\WINDOWS\SYSTEM32\WSOCK32.dll
0x00007ffe4c2f0000 - 0x00007ffe4c314000 	C:\WINDOWS\SYSTEM32\WINMM.dll
0x00007ffe5c230000 - 0x00007ffe5c29f000 	C:\WINDOWS\System32\WS2_32.dll
0x00007ffe522c0000 - 0x00007ffe522ca000 	C:\WINDOWS\SYSTEM32\VERSION.dll
0x00007ffe4c2c0000 - 0x00007ffe4c2ed000 	C:\WINDOWS\SYSTEM32\WINMMBASE.dll
0x00007ffe593c0000 - 0x00007ffe5940b000 	C:\WINDOWS\System32\cfgmgr32.dll
0x00007ffe526a0000 - 0x00007ffe526af000 	C:\Program Files\Android\Android Studio\jre\jre\bin\verify.dll
0x00007ffe51f00000 - 0x00007ffe51f29000 	C:\Program Files\Android\Android Studio\jre\jre\bin\java.dll
0x00007ffe52680000 - 0x00007ffe52696000 	C:\Program Files\Android\Android Studio\jre\jre\bin\zip.dll
0x00007ffe5aa10000 - 0x00007ffe5b0f1000 	C:\WINDOWS\System32\SHELL32.dll
0x00007ffe5b250000 - 0x00007ffe5b2f9000 	C:\WINDOWS\System32\shcore.dll
0x00007ffe59b90000 - 0x00007ffe5a313000 	C:\WINDOWS\System32\windows.storage.dll
0x00007ffe59310000 - 0x00007ffe5932f000 	C:\WINDOWS\System32\profapi.dll
0x00007ffe59370000 - 0x00007ffe593ba000 	C:\WINDOWS\System32\powrprof.dll
0x00007ffe59300000 - 0x00007ffe59310000 	C:\WINDOWS\System32\UMPDC.dll
0x00007ffe5a5c0000 - 0x00007ffe5a612000 	C:\WINDOWS\System32\shlwapi.dll
0x00007ffe59330000 - 0x00007ffe59341000 	C:\WINDOWS\System32\kernel.appcore.dll
0x00007ffe5a470000 - 0x00007ffe5a487000 	C:\WINDOWS\System32\cryptsp.dll
0x00007ffe517d0000 - 0x00007ffe517ea000 	C:\Program Files\Android\Android Studio\jre\jre\bin\net.dll
0x00007ffe58b10000 - 0x00007ffe58b77000 	C:\WINDOWS\system32\mswsock.dll
0x00007ffe51310000 - 0x00007ffe51321000 	C:\Program Files\Android\Android Studio\jre\jre\bin\nio.dll
0x00007ffe28540000 - 0x00007ffe2855e000 	C:\Users\Dell\.gradle\native\25\windows-amd64\native-platform.dll
0x00007ffe52340000 - 0x00007ffe5234d000 	C:\Program Files\Android\Android Studio\jre\jre\bin\management.dll
0x00007ffe586d0000 - 0x00007ffe58703000 	C:\WINDOWS\system32\rsaenh.dll
0x00007ffe59440000 - 0x00007ffe59466000 	C:\WINDOWS\System32\bcrypt.dll
0x00007ffe59220000 - 0x00007ffe59245000 	C:\WINDOWS\SYSTEM32\USERENV.dll
0x00007ffe58ce0000 - 0x00007ffe58cec000 	C:\WINDOWS\SYSTEM32\CRYPTBASE.dll
0x00007ffe58870000 - 0x00007ffe588aa000 	C:\WINDOWS\SYSTEM32\IPHLPAPI.DLL
0x00007ffe5b240000 - 0x00007ffe5b248000 	C:\WINDOWS\System32\NSI.dll
0x00007ffe4f860000 - 0x00007ffe4f876000 	C:\WINDOWS\SYSTEM32\dhcpcsvc6.DLL
0x00007ffe4ff50000 - 0x00007ffe4ff6c000 	C:\WINDOWS\SYSTEM32\dhcpcsvc.DLL
0x00007ffe588b0000 - 0x00007ffe5897a000 	C:\WINDOWS\SYSTEM32\DNSAPI.dll

VM Arguments:
jvm_args: -Xmx1536m -Dfile.encoding=windows-1252 -Duser.country=US -Duser.language=en -Duser.variant 
java_command: org.gradle.launcher.daemon.bootstrap.GradleDaemon 4.6
java_class_path (initial): C:\Users\Dell\.gradle\wrapper\dists\gradle-4.6-all\bcst21l2brirad8k2ben1letg\gradle-4.6\lib\gradle-launcher-4.6.jar
Launcher Type: SUN_STANDARD

Environment Variables:
CLASSPATH=C:\Program Files\Java\external-libs\commons-logging-1.2;C:\Program Files\Java\external-libs\spring-framework-4.3.9.RELEASE\libs
PATH=C:\ProgramData\Oracle\Java\javapath;C:\WINDOWS\system32;C:\WINDOWS;C:\WINDOWS\System32\Wbem;C:\WINDOWS\System32\WindowsPowerShell\v1.0\;C:\Program Files\Java\jdk1.8.0_131\bin;C:\Python27;C:\Users\Dell\AppData\Local\Microsoft\WindowsApps;C:\adb;C:\WINDOWS\system32;C:\WINDOWS;C:\WINDOWS\System32\Wbem;C:\WINDOWS\System32\WindowsPowerShell\v1.0\;C:\Program Files (x86)\NVIDIA Corporation\PhysX\Common;C:\Program Files (x86)\MySQL\MySQL Fabric 1.5 & MySQL Utilities 1.5\;C:\Program Files (x86)\MySQL\MySQL Fabric 1.5 & MySQL Utilities 1.5\Doctrine extensions for PHP\;C:\Program Files\Microsoft SQL Server\130\Tools\Binn\;C:\Program Files\Microsoft SQL Server\Client SDK\ODBC\110\Tools\Binn\;C:\Program Files (x86)\Microsoft SQL Server\120\Tools\Binn\;C:\Program Files\Microsoft SQL Server\120\Tools\Binn\;C:\Program Files\Microsoft SQL Server\120\DTS\Binn\;C:\Program Files (x86)\Microsoft SQL Server\120\Tools\Binn\ManagementStudio\;C:\Program Files (x86)\Microsoft SQL Server\120\DTS\Binn\;C:\Program Files\dotnet\;C:\Program Files\nodejs\;C:\Program Files\PuTTY\;C:\Program Files\Amazon\AWSCLI\;C:\WINDOWS\System32\OpenSSH\;C:\Program Files\Git\cmd;C:\Program Files\Microsoft VS Code\bin;C:\Maven\apache-maven-3.6.0\bin;C:\Users\Dell\AppData\Local\Programs\Python\Python36-32\Scripts\;C:\Users\Dell\AppData\Local\Programs\Python\Python36-32\;C:\Users\Dell\AppData\Local\Microsoft\WindowsApps;C:\Program Files\MySQL\MySQL Server 5.6\bin;C:\Program Files\Microsoft VS Code\bin;C:\Users\Dell\AppData\Roaming\npm;C:\Flutter\flutter\bin;
USERNAME=Dell
OS=Windows_NT
PROCESSOR_IDENTIFIER=Intel64 Family 6 Model 69 Stepping 1, GenuineIntel



---------------  S Y S T E M  ---------------

OS: Windows 10.0 , 64 bit Build 18342 (10.0.18342.1)

CPU:total 4 (initial active 4) (2 cores per cpu, 2 threads per core) family 6 model 69 stepping 1, cmov, cx8, fxsr, mmx, sse, sse2, sse3, ssse3, sse4.1, sse4.2, popcnt, avx, avx2, aes, clmul, erms, lzcnt, ht, tsc, tscinvbit, bmi1, bmi2

Memory: 4k page, physical 8290196k(897108k free), swap 10242964k(5564k free)

vm_info: OpenJDK 64-Bit Server VM (25.152-b06) for windows-amd64 JRE (1.8.0_152-release-1136-b06), built by "builder" with MS VC++ 10.0 (VS2010)

time: Sun Mar 24 18:55:15 2019
elapsed time: 75 seconds (0d 0h 1m 15s)

