#
# There is insufficient memory for the Java Runtime Environment to continue.
# Native memory allocation (malloc) failed to allocate 32744 bytes for ChunkPool::allocate
# Possible reasons:
#   The system is out of physical RAM or swap space
#   In 32 bit mode, the process size limit was hit
# Possible solutions:
#   Reduce memory load on the system
#   Increase physical memory or swap space
#   Check if swap backing store is full
#   Use 64 bit Java on a 64 bit OS
#   Decrease Java heap size (-Xmx/-Xms)
#   Decrease number of Java threads
#   Decrease Java thread stack sizes (-Xss)
#   Set larger code cache with -XX:ReservedCodeCacheSize=
# This output file may be truncated or incomplete.
#
#  Out of Memory Error (allocation.cpp:273), pid=17096, tid=0x00000000000044a8
#
# JRE version: OpenJDK Runtime Environment (8.0_152-b06) (build 1.8.0_152-release-1136-b06)
# Java VM: OpenJDK 64-Bit Server VM (25.152-b06 mixed mode windows-amd64 compressed oops)
# Failed to write core dump. Minidumps are not enabled by default on client versions of Windows
#

---------------  T H R E A D  ---------------

Current thread (0x00000000160e9000):  JavaThread "C2 CompilerThread0" daemon [_thread_in_native, id=17576, stack(0x0000000017780000,0x0000000017880000)]

Stack: [0x0000000017780000,0x0000000017880000]
[error occurred during error reporting (printing stack bounds), id 0xc0000005]

Native frames: (J=compiled Java code, j=interpreted, Vv=VM code, C=native code)


Current CompileTask:
C2:  91065 14420       4       com.android.tools.r8.code.BaseInstructionFactory::create (3362 bytes)


---------------  P R O C E S S  ---------------

Java Threads: ( => current thread )
  0x00000000267ed800 JavaThread "ForkJoinPool-3-worker-0" daemon [_thread_in_Java, id=18360, stack(0x00000000238c0000,0x00000000239c0000)]
  0x00000000267ed000 JavaThread "ForkJoinPool-3-worker-3" daemon [_thread_in_Java, id=17708, stack(0x00000000233b0000,0x00000000234b0000)]
  0x000000001c271800 JavaThread "ForkJoinPool-3-worker-2" daemon [_thread_in_Java, id=7552, stack(0x000000001a7d0000,0x000000001a8d0000)]
  0x000000001af64800 JavaThread "ForkJoinPool-3-worker-1" daemon [_thread_in_Java, id=4880, stack(0x0000000000b10000,0x0000000000c10000)]
  0x000000001af71800 JavaThread "ForkJoinPool.commonPool-worker-3" daemon [_thread_blocked, id=4784, stack(0x00000000237c0000,0x00000000238c0000)]
  0x000000001af6d800 JavaThread "ForkJoinPool.commonPool-worker-2" daemon [_thread_blocked, id=9168, stack(0x00000000236c0000,0x00000000237c0000)]
  0x000000001af66000 JavaThread "Task worker for ':' Thread 3" [_thread_blocked, id=14660, stack(0x0000000021eb0000,0x0000000021fb0000)]
  0x000000001af67800 JavaThread "Task worker for ':' Thread 2" [_thread_blocked, id=8776, stack(0x0000000021db0000,0x0000000021eb0000)]
  0x000000001af63000 JavaThread "Task worker for ':'" [_thread_blocked, id=6004, stack(0x0000000021cb0000,0x0000000021db0000)]
  0x000000001af65800 JavaThread "Cache worker for Build Output Cleanup Cache (E:\My_Work\Android\Published Apps\InstantDownloader\.gradle\buildOutputCleanup)" [_thread_blocked, id=17404, stack(0x0000000021bb0000,0x0000000021cb0000)]
  0x000000001af6a000 JavaThread "Cache worker for task history cache (E:\My_Work\Android\Published Apps\InstantDownloader\.gradle\4.6\taskHistory)" [_thread_blocked, id=8288, stack(0x0000000021ab0000,0x0000000021bb0000)]
  0x000000001af64000 JavaThread "Cache worker for file content cache (E:\My_Work\Android\Published Apps\InstantDownloader\.gradle\4.6\fileContent)" [_thread_blocked, id=10312, stack(0x00000000219b0000,0x0000000021ab0000)]
  0x000000001c270800 JavaThread "Memory manager" [_thread_blocked, id=4524, stack(0x0000000020770000,0x0000000020870000)]
  0x000000001c26e800 JavaThread "pool-1-thread-1" [_thread_blocked, id=17584, stack(0x0000000020470000,0x0000000020570000)]
  0x000000001c272000 JavaThread "Build operations Thread 4" [_thread_blocked, id=2252, stack(0x000000001ff70000,0x0000000020070000)]
  0x000000001c26c000 JavaThread "Build operations Thread 3" [_thread_blocked, id=14168, stack(0x000000001fe70000,0x000000001ff70000)]
  0x000000001c270000 JavaThread "Build operations Thread 2" [_thread_blocked, id=17648, stack(0x000000001fd70000,0x000000001fe70000)]
  0x000000001c26b800 JavaThread "Build operations" [_thread_blocked, id=14020, stack(0x000000001e0e0000,0x000000001e1e0000)]
  0x000000001c26d000 JavaThread "Cache worker for Artifact transforms cache (C:\Users\Dell\.gradle\caches\transforms-1)" [_thread_blocked, id=14872, stack(0x000000001cf70000,0x000000001d070000)]
  0x000000001ad7b000 JavaThread "Cache worker for file hash cache (E:\My_Work\Android\Published Apps\InstantDownloader\.gradle\4.6\fileHashes)" [_thread_blocked, id=10920, stack(0x000000001bca0000,0x000000001bda0000)]
  0x0000000018430800 JavaThread "File lock request listener" [_thread_in_native, id=4684, stack(0x000000001abd0000,0x000000001acd0000)]
  0x00000000182bf800 JavaThread "Cache worker for file hash cache (C:\Users\Dell\.gradle\caches\4.6\fileHashes)" [_thread_blocked, id=6472, stack(0x000000001aad0000,0x000000001abd0000)]
  0x0000000017a90800 JavaThread "Asynchronous log dispatcher for DefaultDaemonConnection: socket connection from /127.0.0.1:61501 to /127.0.0.1:61502" [_thread_blocked, id=2080, stack(0x000000001a6d0000,0x000000001a7d0000)]
  0x000000001862e000 JavaThread "Daemon worker" [_thread_blocked, id=17172, stack(0x000000001a5d0000,0x000000001a6d0000)]
  0x000000001862d000 JavaThread "Cancel handler" [_thread_blocked, id=10028, stack(0x000000001a4d0000,0x000000001a5d0000)]
  0x0000000019052800 JavaThread "Handler for socket connection from /127.0.0.1:61501 to /127.0.0.1:61502" [_thread_in_native, id=5748, stack(0x000000001a1d0000,0x000000001a2d0000)]
  0x0000000019050000 JavaThread "Daemon" [_thread_blocked, id=7768, stack(0x000000001a0d0000,0x000000001a1d0000)]
  0x0000000018ece800 JavaThread "Daemon periodic checks" [_thread_blocked, id=8152, stack(0x0000000019fd0000,0x000000001a0d0000)]
  0x00000000190f0000 JavaThread "Incoming local TCP Connector on port 61501" [_thread_in_native, id=5688, stack(0x0000000019d90000,0x0000000019e90000)]
  0x000000001614e800 JavaThread "Service Thread" daemon [_thread_blocked, id=6136, stack(0x0000000017e80000,0x0000000017f80000)]
  0x00000000160fb000 JavaThread "C1 CompilerThread2" daemon [_thread_blocked, id=8928, stack(0x0000000017980000,0x0000000017a80000)]
  0x00000000160ec000 JavaThread "C2 CompilerThread1" daemon [_thread_in_native, id=4460, stack(0x0000000017880000,0x0000000017980000)]
=>0x00000000160e9000 JavaThread "C2 CompilerThread0" daemon [_thread_in_native, id=17576, stack(0x0000000017780000,0x0000000017880000)]
  0x00000000160f6800 JavaThread "Attach Listener" daemon [_thread_blocked, id=17704, stack(0x0000000017680000,0x0000000017780000)]
  0x00000000160f5800 JavaThread "Signal Dispatcher" daemon [_thread_blocked, id=15064, stack(0x0000000017580000,0x0000000017680000)]
  0x00000000026cc800 JavaThread "Finalizer" daemon [_thread_blocked, id=9588, stack(0x0000000017380000,0x0000000017480000)]
  0x00000000026c1800 JavaThread "Reference Handler" daemon [_thread_blocked, id=11868, stack(0x0000000017280000,0x0000000017380000)]
  0x000000000277e000 JavaThread "main" [_thread_blocked, id=13512, stack(0x0000000002470000,0x0000000002570000)]

Other Threads:
  0x00000000160b5000 VMThread [stack: 0x0000000017180000,0x0000000017280000] [id=13656]
  0x0000000017aaa800 WatcherThread [stack: 0x0000000017f80000,0x0000000018080000] [id=15624]

VM state:not at safepoint (normal execution)

VM Mutex/Monitor currently owned by a thread: None

Heap:
 PSYoungGen      total 417280K, used 358098K [0x00000000e0000000, 0x00000000fb380000, 0x0000000100000000)
  eden space 388608K, 90% used [0x00000000e0000000,0x00000000f5918e40,0x00000000f7b80000)
  from space 28672K, 16% used [0x00000000f7b80000,0x00000000f801ba98,0x00000000f9780000)
  to   space 27136K, 0% used [0x00000000f9900000,0x00000000f9900000,0x00000000fb380000)
 ParOldGen       total 141824K, used 72393K [0x00000000a0000000, 0x00000000a8a80000, 0x00000000e0000000)
  object space 141824K, 51% used [0x00000000a0000000,0x00000000a46b2598,0x00000000a8a80000)
 Metaspace       used 87352K, capacity 89930K, committed 90200K, reserved 1128448K
  class space    used 10955K, capacity 11526K, committed 11648K, reserved 1048576K

Card table byte_map: [0x0000000011b40000,0x0000000011e50000] byte_map_base: 0x0000000011640000

Marking Bits: (ParMarkBitMap*) 0x0000000061dd5aa0
 Begin Bits: [0x0000000012450000, 0x0000000013c50000)
 End Bits:   [0x0000000013c50000, 0x0000000015450000)

Polling page: 0x0000000000c30000

CodeCache: size=245760Kb used=41018Kb max_used=41020Kb free=204741Kb
 bounds [0x0000000002780000, 0x0000000004fc0000, 0x0000000011780000]
 total_blobs=13394 nmethods=12536 adapters=768
 compilation: enabled

Compilation events (10 events):
Event: 91.005 Thread 0x00000000160fb000 14534       2       com.android.tools.r8.dex.DexParser::parseAnnotationsDirectory (74 bytes)
Event: 91.006 Thread 0x00000000160fb000 nmethod 14534 0x0000000004fad610 code [0x0000000004fad7e0, 0x0000000004fadc48]
Event: 91.006 Thread 0x00000000160fb000 14535       2       com.android.tools.r8.graph.DexAnnotation::getSystemValueAnnotationValue (75 bytes)
Event: 91.007 Thread 0x00000000160fb000 nmethod 14535 0x0000000004fa9790 code [0x0000000004fa9900, 0x0000000004fa9a90]
Event: 91.010 Thread 0x00000000160fb000 14536       2       com.android.tools.r8.code.Nop::<init> (7 bytes)
Event: 91.010 Thread 0x00000000160fb000 nmethod 14536 0x0000000004fad1d0 code [0x0000000004fad320, 0x0000000004fad4b0]
Event: 91.011 Thread 0x00000000160fb000 14537       2       com.android.tools.r8.code.Nop::create (68 bytes)
Event: 91.011 Thread 0x00000000160fb000 nmethod 14537 0x0000000004faca90 code [0x0000000004facc20, 0x0000000004facfa8]
Event: 91.020 Thread 0x00000000160fb000 14538       2       com.android.tools.r8.graph.DexProto::computeEquals (62 bytes)
Event: 91.021 Thread 0x00000000160fb000 nmethod 14538 0x0000000004fac2d0 code [0x0000000004fac460, 0x0000000004fac828]

GC Heap History (10 events):
Event: 72.716 GC heap before
{Heap before GC invocations=28 (full 3):
 PSYoungGen      total 415744K, used 396525K [0x00000000e0000000, 0x00000000fb380000, 0x0000000100000000)
  eden space 388608K, 100% used [0x00000000e0000000,0x00000000f7b80000,0x00000000f7b80000)
  from space 27136K, 29% used [0x00000000f9900000,0x00000000fa0bb788,0x00000000fb380000)
  to   space 28672K, 0% used [0x00000000f7b80000,0x00000000f7b80000,0x00000000f9780000)
 ParOldGen       total 141824K, used 56334K [0x00000000a0000000, 0x00000000a8a80000, 0x00000000e0000000)
  object space 141824K, 39% used [0x00000000a0000000,0x00000000a3703940,0x00000000a8a80000)
 Metaspace       used 86352K, capacity 88942K, committed 89048K, reserved 1126400K
  class space    used 10882K, capacity 11460K, committed 11520K, reserved 1048576K
Event: 72.851 GC heap after
Heap after GC invocations=28 (full 3):
 PSYoungGen      total 417280K, used 13432K [0x00000000e0000000, 0x00000000fb380000, 0x0000000100000000)
  eden space 388608K, 0% used [0x00000000e0000000,0x00000000e0000000,0x00000000f7b80000)
  from space 28672K, 46% used [0x00000000f7b80000,0x00000000f889e3c8,0x00000000f9780000)
  to   space 27136K, 0% used [0x00000000f9900000,0x00000000f9900000,0x00000000fb380000)
 ParOldGen       total 141824K, used 59463K [0x00000000a0000000, 0x00000000a8a80000, 0x00000000e0000000)
  object space 141824K, 41% used [0x00000000a0000000,0x00000000a3a11ee8,0x00000000a8a80000)
 Metaspace       used 86352K, capacity 88942K, committed 89048K, reserved 1126400K
  class space    used 10882K, capacity 11460K, committed 11520K, reserved 1048576K
}
Event: 76.329 GC heap before
{Heap before GC invocations=29 (full 3):
 PSYoungGen      total 417280K, used 402040K [0x00000000e0000000, 0x00000000fb380000, 0x0000000100000000)
  eden space 388608K, 100% used [0x00000000e0000000,0x00000000f7b80000,0x00000000f7b80000)
  from space 28672K, 46% used [0x00000000f7b80000,0x00000000f889e3c8,0x00000000f9780000)
  to   space 27136K, 0% used [0x00000000f9900000,0x00000000f9900000,0x00000000fb380000)
 ParOldGen       total 141824K, used 59463K [0x00000000a0000000, 0x00000000a8a80000, 0x00000000e0000000)
  object space 141824K, 41% used [0x00000000a0000000,0x00000000a3a11ee8,0x00000000a8a80000)
 Metaspace       used 86401K, capacity 89010K, committed 89304K, reserved 1126400K
  class space    used 10883K, capacity 11460K, committed 11520K, reserved 1048576K
Event: 76.386 GC heap after
Heap after GC invocations=29 (full 3):
 PSYoungGen      total 415744K, used 8790K [0x00000000e0000000, 0x00000000fb380000, 0x0000000100000000)
  eden space 388608K, 0% used [0x00000000e0000000,0x00000000e0000000,0x00000000f7b80000)
  from space 27136K, 32% used [0x00000000f9900000,0x00000000fa195b60,0x00000000fb380000)
  to   space 28672K, 0% used [0x00000000f7b80000,0x00000000f7b80000,0x00000000f9780000)
 ParOldGen       total 141824K, used 66421K [0x00000000a0000000, 0x00000000a8a80000, 0x00000000e0000000)
  object space 141824K, 46% used [0x00000000a0000000,0x00000000a40dd6c0,0x00000000a8a80000)
 Metaspace       used 86401K, capacity 89010K, committed 89304K, reserved 1126400K
  class space    used 10883K, capacity 11460K, committed 11520K, reserved 1048576K
}
Event: 79.622 GC heap before
{Heap before GC invocations=30 (full 3):
 PSYoungGen      total 415744K, used 397398K [0x00000000e0000000, 0x00000000fb380000, 0x0000000100000000)
  eden space 388608K, 100% used [0x00000000e0000000,0x00000000f7b80000,0x00000000f7b80000)
  from space 27136K, 32% used [0x00000000f9900000,0x00000000fa195b60,0x00000000fb380000)
  to   space 28672K, 0% used [0x00000000f7b80000,0x00000000f7b80000,0x00000000f9780000)
 ParOldGen       total 141824K, used 66421K [0x00000000a0000000, 0x00000000a8a80000, 0x00000000e0000000)
  object space 141824K, 46% used [0x00000000a0000000,0x00000000a40dd6c0,0x00000000a8a80000)
 Metaspace       used 86449K, capacity 89010K, committed 89304K, reserved 1126400K
  class space    used 10883K, capacity 11460K, committed 11520K, reserved 1048576K
Event: 79.651 GC heap after
Heap after GC invocations=30 (full 3):
 PSYoungGen      total 417280K, used 9072K [0x00000000e0000000, 0x00000000fb380000, 0x0000000100000000)
  eden space 388608K, 0% used [0x00000000e0000000,0x00000000e0000000,0x00000000f7b80000)
  from space 28672K, 31% used [0x00000000f7b80000,0x00000000f845c258,0x00000000f9780000)
  to   space 27136K, 0% used [0x00000000f9900000,0x00000000f9900000,0x00000000fb380000)
 ParOldGen       total 141824K, used 70151K [0x00000000a0000000, 0x00000000a8a80000, 0x00000000e0000000)
  object space 141824K, 49% used [0x00000000a0000000,0x00000000a4481f40,0x00000000a8a80000)
 Metaspace       used 86449K, capacity 89010K, committed 89304K, reserved 1126400K
  class space    used 10883K, capacity 11460K, committed 11520K, reserved 1048576K
}
Event: 82.272 GC heap before
{Heap before GC invocations=31 (full 3):
 PSYoungGen      total 417280K, used 397680K [0x00000000e0000000, 0x00000000fb380000, 0x0000000100000000)
  eden space 388608K, 100% used [0x00000000e0000000,0x00000000f7b80000,0x00000000f7b80000)
  from space 28672K, 31% used [0x00000000f7b80000,0x00000000f845c258,0x00000000f9780000)
  to   space 27136K, 0% used [0x00000000f9900000,0x00000000f9900000,0x00000000fb380000)
 ParOldGen       total 141824K, used 70151K [0x00000000a0000000, 0x00000000a8a80000, 0x00000000e0000000)
  object space 141824K, 49% used [0x00000000a0000000,0x00000000a4481f40,0x00000000a8a80000)
 Metaspace       used 86510K, capacity 89082K, committed 89304K, reserved 1126400K
  class space    used 10885K, capacity 11462K, committed 11520K, reserved 1048576K
Event: 82.308 GC heap after
Heap after GC invocations=31 (full 3):
 PSYoungGen      total 415744K, used 5930K [0x00000000e0000000, 0x00000000fb380000, 0x0000000100000000)
  eden space 388608K, 0% used [0x00000000e0000000,0x00000000e0000000,0x00000000f7b80000)
  from space 27136K, 21% used [0x00000000f9900000,0x00000000f9ecab10,0x00000000fb380000)
  to   space 28672K, 0% used [0x00000000f7b80000,0x00000000f7b80000,0x00000000f9780000)
 ParOldGen       total 141824K, used 71504K [0x00000000a0000000, 0x00000000a8a80000, 0x00000000e0000000)
  object space 141824K, 50% used [0x00000000a0000000,0x00000000a45d4080,0x00000000a8a80000)
 Metaspace       used 86510K, capacity 89082K, committed 89304K, reserved 1126400K
  class space    used 10885K, capacity 11462K, committed 11520K, reserved 1048576K
}
Event: 84.621 GC heap before
{Heap before GC invocations=32 (full 3):
 PSYoungGen      total 415744K, used 394538K [0x00000000e0000000, 0x00000000fb380000, 0x0000000100000000)
  eden space 388608K, 100% used [0x00000000e0000000,0x00000000f7b80000,0x00000000f7b80000)
  from space 27136K, 21% used [0x00000000f9900000,0x00000000f9ecab10,0x00000000fb380000)
  to   space 28672K, 0% used [0x00000000f7b80000,0x00000000f7b80000,0x00000000f9780000)
 ParOldGen       total 141824K, used 71504K [0x00000000a0000000, 0x00000000a8a80000, 0x00000000e0000000)
  object space 141824K, 50% used [0x00000000a0000000,0x00000000a45d4080,0x00000000a8a80000)
 Metaspace       used 86523K, capacity 89088K, committed 89304K, reserved 1126400K
  class space    used 10886K, capacity 11463K, committed 11520K, reserved 1048576K
Event: 84.641 GC heap after
Heap after GC invocations=32 (full 3):
 PSYoungGen      total 417280K, used 4718K [0x00000000e0000000, 0x00000000fb380000, 0x0000000100000000)
  eden space 388608K, 0% used [0x00000000e0000000,0x00000000e0000000,0x00000000f7b80000)
  from space 28672K, 16% used [0x00000000f7b80000,0x00000000f801ba98,0x00000000f9780000)
  to   space 27136K, 0% used [0x00000000f9900000,0x00000000f9900000,0x00000000fb380000)
 ParOldGen       total 141824K, used 72393K [0x00000000a0000000, 0x00000000a8a80000, 0x00000000e0000000)
  object space 141824K, 51% used [0x00000000a0000000,0x00000000a46b2598,0x00000000a8a80000)
 Metaspace       used 86523K, capacity 89088K, committed 89304K, reserved 1126400K
  class space    used 10886K, capacity 11463K, committed 11520K, reserved 1048576K
}

Deoptimization events (10 events):
Event: 90.330 Thread 0x000000001af67800 Uncommon trap: reason=unstable_if action=reinterpret pc=0x0000000004f11348 method=com.android.tools.r8.utils.LebUtils.parseUleb128(Lcom/android/tools/r8/dex/BinaryReader;)I @ 27
Event: 90.639 Thread 0x000000001af64800 Uncommon trap: reason=class_check action=maybe_recompile pc=0x0000000004f2812c method=com.android.tools.r8.dex.DexParser.cacheAt(ILjava/util/function/Supplier;)Ljava/lang/Object; @ 32
Event: 90.639 Thread 0x00000000267ed000 Uncommon trap: reason=class_check action=maybe_recompile pc=0x0000000004f2812c method=com.android.tools.r8.dex.DexParser.cacheAt(ILjava/util/function/Supplier;)Ljava/lang/Object; @ 32
Event: 90.639 Thread 0x000000001c271800 Uncommon trap: reason=class_check action=maybe_recompile pc=0x0000000004f2812c method=com.android.tools.r8.dex.DexParser.cacheAt(ILjava/util/function/Supplier;)Ljava/lang/Object; @ 32
Event: 90.639 Thread 0x00000000267ed800 Uncommon trap: reason=class_check action=maybe_recompile pc=0x0000000004f2812c method=com.android.tools.r8.dex.DexParser.cacheAt(ILjava/util/function/Supplier;)Ljava/lang/Object; @ 32
Event: 90.671 Thread 0x000000001af64800 Uncommon trap: reason=unstable_if action=reinterpret pc=0x0000000002cc8e70 method=java.util.Arrays.hashCode([Ljava/lang/Object;)I @ 1
Event: 90.671 Thread 0x00000000267ed000 Uncommon trap: reason=unstable_if action=reinterpret pc=0x0000000002cc8e70 method=java.util.Arrays.hashCode([Ljava/lang/Object;)I @ 1
Event: 90.677 Thread 0x000000001c271800 Uncommon trap: reason=unstable_if action=reinterpret pc=0x0000000004f16f08 method=com.android.tools.r8.it.unimi.dsi.fastutil.ints.Int2ObjectOpenHashMap.get(I)Ljava/lang/Object; @ 1
Event: 90.764 Thread 0x000000001c271800 Uncommon trap: reason=unstable_if action=reinterpret pc=0x0000000004f6db64 method=com.android.tools.r8.dex.DexParser.cacheAt(ILjava/util/function/Supplier;)Ljava/lang/Object; @ 1
Event: 90.805 Thread 0x00000000267ed800 Uncommon trap: reason=unstable_if action=reinterpret pc=0x0000000004cc1454 method=com.android.tools.r8.graph.DexProto.computeEquals(Ljava/lang/Object;)Z @ 51

Classes redefined (0 events):
No events

Internal exceptions (10 events):
Event: 86.954 Thread 0x000000001af64800 Exception <a 'sun/nio/fs/WindowsException'> (0x00000000edf15588) thrown at [D:\src\AOSP-openjdk-cygwin\jdk8u\hotspot\src\share\vm\prims\jni.cpp, line 709]
Event: 86.955 Thread 0x000000001af64800 Exception <a 'sun/nio/fs/WindowsException'> (0x00000000ee5cfd58) thrown at [D:\src\AOSP-openjdk-cygwin\jdk8u\hotspot\src\share\vm\prims\jni.cpp, line 709]
Event: 86.986 Thread 0x000000001af64800 Exception <a 'sun/nio/fs/WindowsException'> (0x00000000ee69eaa8) thrown at [D:\src\AOSP-openjdk-cygwin\jdk8u\hotspot\src\share\vm\prims\jni.cpp, line 709]
Event: 86.996 Thread 0x000000001af64800 Exception <a 'sun/nio/fs/WindowsException'> (0x00000000ee6e45b0) thrown at [D:\src\AOSP-openjdk-cygwin\jdk8u\hotspot\src\share\vm\prims\jni.cpp, line 709]
Event: 87.027 Thread 0x000000001af64800 Exception <a 'sun/nio/fs/WindowsException'> (0x00000000ee72a178) thrown at [D:\src\AOSP-openjdk-cygwin\jdk8u\hotspot\src\share\vm\prims\jni.cpp, line 709]
Event: 87.044 Thread 0x000000001af64800 Exception <a 'sun/nio/fs/WindowsException'> (0x00000000ee76f6e0) thrown at [D:\src\AOSP-openjdk-cygwin\jdk8u\hotspot\src\share\vm\prims\jni.cpp, line 709]
Event: 90.051 Thread 0x000000001af67800 Exception <a 'sun/nio/fs/WindowsException'> (0x00000000efb999d0) thrown at [D:\src\AOSP-openjdk-cygwin\jdk8u\hotspot\src\share\vm\prims\jni.cpp, line 709]
Event: 90.177 Thread 0x000000001af67800 Exception <a 'sun/nio/fs/WindowsException'> (0x00000000f15491d8) thrown at [D:\src\AOSP-openjdk-cygwin\jdk8u\hotspot\src\share\vm\prims\jni.cpp, line 709]
Event: 90.671 Thread 0x000000001af64800 Implicit null exception at 0x0000000002cc8d6f to 0x0000000002cc8e61
Event: 90.671 Thread 0x00000000267ed000 Implicit null exception at 0x0000000002cc8d6f to 0x0000000002cc8e61

Events (10 events):
Event: 90.764 Thread 0x000000001c271800 DEOPT UNPACKING pc=0x00000000027c557b sp=0x000000001a8cef50 mode 2
Event: 90.805 Thread 0x000000001c271800 DEOPT PACKING pc=0x0000000004b33ab8 sp=0x000000001a8cea50
Event: 90.805 Thread 0x000000001c271800 DEOPT UNPACKING pc=0x00000000027c75d0 sp=0x000000001a8ce7e0 mode 0
Event: 90.805 Thread 0x00000000267ed800 Uncommon trap: trap_request=0xffffff65 fr.pc=0x0000000004cc1454
Event: 90.805 Thread 0x00000000267ed800 DEOPT PACKING pc=0x0000000004cc1454 sp=0x00000000239bef30
Event: 90.805 Thread 0x00000000267ed800 DEOPT UNPACKING pc=0x00000000027c557b sp=0x00000000239beed0 mode 2
Event: 90.809 loading class com/android/tools/r8/graph/ParameterAnnotationsList
Event: 90.809 loading class com/android/tools/r8/graph/ParameterAnnotationsList done
Event: 90.809 loading class com/android/tools/r8/dex/DexParser
Event: 90.809 loading class com/android/tools/r8/dex/DexParser done


Dynamic libraries:
0x00007ff6d3250000 - 0x00007ff6d3281000 	C:\Program Files\Android\Android Studio\jre\bin\java.exe
0x00007ffe5c440000 - 0x00007ffe5c62f000 	C:\WINDOWS\SYSTEM32\ntdll.dll
0x00007ffe5c340000 - 0x00007ffe5c3f2000 	C:\WINDOWS\System32\KERNEL32.DLL
0x00007ffe59620000 - 0x00007ffe598c9000 	C:\WINDOWS\System32\KERNELBASE.dll
0x00007ffe5b640000 - 0x00007ffe5b6e2000 	C:\WINDOWS\System32\ADVAPI32.dll
0x00007ffe5b1a0000 - 0x00007ffe5b23e000 	C:\WINDOWS\System32\msvcrt.dll
0x00007ffe5b100000 - 0x00007ffe5b197000 	C:\WINDOWS\System32\sechost.dll
0x00007ffe5bc60000 - 0x00007ffe5bd7d000 	C:\WINDOWS\System32\RPCRT4.dll
0x00007ffe5c070000 - 0x00007ffe5c208000 	C:\WINDOWS\System32\USER32.dll
0x00007ffe59410000 - 0x00007ffe59431000 	C:\WINDOWS\System32\win32u.dll
0x00007ffe5a830000 - 0x00007ffe5a856000 	C:\WINDOWS\System32\GDI32.dll
0x00007ffe599f0000 - 0x00007ffe59b84000 	C:\WINDOWS\System32\gdi32full.dll
0x00007ffe598d0000 - 0x00007ffe5996e000 	C:\WINDOWS\System32\msvcp_win.dll
0x00007ffe59520000 - 0x00007ffe5961a000 	C:\WINDOWS\System32\ucrtbase.dll
0x00007ffe4bf80000 - 0x00007ffe4c205000 	C:\WINDOWS\WinSxS\amd64_microsoft.windows.common-controls_6595b64144ccf1df_6.0.18342.8_none_d1d7f3b7244f7a80\COMCTL32.dll
0x00007ffe5b300000 - 0x00007ffe5b636000 	C:\WINDOWS\System32\combase.dll
0x00007ffe59970000 - 0x00007ffe599ef000 	C:\WINDOWS\System32\bcryptPrimitives.dll
0x00007ffe5c2a0000 - 0x00007ffe5c2ce000 	C:\WINDOWS\System32\IMM32.DLL
0x0000000061530000 - 0x0000000061602000 	C:\Program Files\Android\Android Studio\jre\jre\bin\msvcr100.dll
0x0000000061610000 - 0x0000000061e51000 	C:\Program Files\Android\Android Studio\jre\jre\bin\server\jvm.dll
0x00007ffe5c330000 - 0x00007ffe5c338000 	C:\WINDOWS\System32\PSAPI.DLL
0x00007ffe497f0000 - 0x00007ffe497f9000 	C:\WINDOWS\SYSTEM32\WSOCK32.dll
0x00007ffe4c2f0000 - 0x00007ffe4c314000 	C:\WINDOWS\SYSTEM32\WINMM.dll
0x00007ffe522c0000 - 0x00007ffe522ca000 	C:\WINDOWS\SYSTEM32\VERSION.dll
0x00007ffe5c230000 - 0x00007ffe5c29f000 	C:\WINDOWS\System32\WS2_32.dll
0x00007ffe4c2c0000 - 0x00007ffe4c2ed000 	C:\WINDOWS\SYSTEM32\winmmbase.dll
0x00007ffe593c0000 - 0x00007ffe5940b000 	C:\WINDOWS\System32\cfgmgr32.dll
0x00007ffe526a0000 - 0x00007ffe526af000 	C:\Program Files\Android\Android Studio\jre\jre\bin\verify.dll
0x00007ffe51f00000 - 0x00007ffe51f29000 	C:\Program Files\Android\Android Studio\jre\jre\bin\java.dll
0x00007ffe52680000 - 0x00007ffe52696000 	C:\Program Files\Android\Android Studio\jre\jre\bin\zip.dll
0x00007ffe5aa10000 - 0x00007ffe5b0f1000 	C:\WINDOWS\System32\SHELL32.dll
0x00007ffe5b250000 - 0x00007ffe5b2f9000 	C:\WINDOWS\System32\shcore.dll
0x00007ffe59b90000 - 0x00007ffe5a313000 	C:\WINDOWS\System32\windows.storage.dll
0x00007ffe59310000 - 0x00007ffe5932f000 	C:\WINDOWS\System32\profapi.dll
0x00007ffe59370000 - 0x00007ffe593ba000 	C:\WINDOWS\System32\powrprof.dll
0x00007ffe59300000 - 0x00007ffe59310000 	C:\WINDOWS\System32\UMPDC.dll
0x00007ffe5a5c0000 - 0x00007ffe5a612000 	C:\WINDOWS\System32\shlwapi.dll
0x00007ffe59330000 - 0x00007ffe59341000 	C:\WINDOWS\System32\kernel.appcore.dll
0x00007ffe5a470000 - 0x00007ffe5a487000 	C:\WINDOWS\System32\cryptsp.dll
0x00007ffe517d0000 - 0x00007ffe517ea000 	C:\Program Files\Android\Android Studio\jre\jre\bin\net.dll
0x00007ffe58b10000 - 0x00007ffe58b77000 	C:\WINDOWS\system32\mswsock.dll
0x00007ffe51310000 - 0x00007ffe51321000 	C:\Program Files\Android\Android Studio\jre\jre\bin\nio.dll
0x00007ffe28540000 - 0x00007ffe2855e000 	C:\Users\Dell\.gradle\native\25\windows-amd64\native-platform.dll
0x00007ffe52340000 - 0x00007ffe5234d000 	C:\Program Files\Android\Android Studio\jre\jre\bin\management.dll
0x00007ffe586d0000 - 0x00007ffe58703000 	C:\WINDOWS\system32\rsaenh.dll
0x00007ffe59440000 - 0x00007ffe59466000 	C:\WINDOWS\System32\bcrypt.dll
0x00007ffe59220000 - 0x00007ffe59245000 	C:\WINDOWS\SYSTEM32\USERENV.dll
0x00007ffe58ce0000 - 0x00007ffe58cec000 	C:\WINDOWS\SYSTEM32\CRYPTBASE.dll
0x00007ffe58870000 - 0x00007ffe588aa000 	C:\WINDOWS\SYSTEM32\IPHLPAPI.DLL
0x00007ffe5b240000 - 0x00007ffe5b248000 	C:\WINDOWS\System32\NSI.dll
0x00007ffe4f860000 - 0x00007ffe4f876000 	C:\WINDOWS\SYSTEM32\dhcpcsvc6.DLL
0x00007ffe4ff50000 - 0x00007ffe4ff6c000 	C:\WINDOWS\SYSTEM32\dhcpcsvc.DLL
0x00007ffe588b0000 - 0x00007ffe5897a000 	C:\WINDOWS\SYSTEM32\DNSAPI.dll

VM Arguments:
jvm_args: -Xmx1536m -Dfile.encoding=windows-1252 -Duser.country=US -Duser.language=en -Duser.variant 
java_command: org.gradle.launcher.daemon.bootstrap.GradleDaemon 4.6
java_class_path (initial): C:\Users\Dell\.gradle\wrapper\dists\gradle-4.6-all\bcst21l2brirad8k2ben1letg\gradle-4.6\lib\gradle-launcher-4.6.jar
Launcher Type: SUN_STANDARD

Environment Variables:
CLASSPATH=C:\Program Files\Java\external-libs\commons-logging-1.2;C:\Program Files\Java\external-libs\spring-framework-4.3.9.RELEASE\libs
PATH=C:\ProgramData\Oracle\Java\javapath;C:\WINDOWS\system32;C:\WINDOWS;C:\WINDOWS\System32\Wbem;C:\WINDOWS\System32\WindowsPowerShell\v1.0\;C:\Program Files\Java\jdk1.8.0_131\bin;C:\Python27;C:\Users\Dell\AppData\Local\Microsoft\WindowsApps;C:\adb;C:\WINDOWS\system32;C:\WINDOWS;C:\WINDOWS\System32\Wbem;C:\WINDOWS\System32\WindowsPowerShell\v1.0\;C:\Program Files (x86)\NVIDIA Corporation\PhysX\Common;C:\Program Files (x86)\MySQL\MySQL Fabric 1.5 & MySQL Utilities 1.5\;C:\Program Files (x86)\MySQL\MySQL Fabric 1.5 & MySQL Utilities 1.5\Doctrine extensions for PHP\;C:\Program Files\Microsoft SQL Server\130\Tools\Binn\;C:\Program Files\Microsoft SQL Server\Client SDK\ODBC\110\Tools\Binn\;C:\Program Files (x86)\Microsoft SQL Server\120\Tools\Binn\;C:\Program Files\Microsoft SQL Server\120\Tools\Binn\;C:\Program Files\Microsoft SQL Server\120\DTS\Binn\;C:\Program Files (x86)\Microsoft SQL Server\120\Tools\Binn\ManagementStudio\;C:\Program Files (x86)\Microsoft SQL Server\120\DTS\Binn\;C:\Program Files\dotnet\;C:\Program Files\nodejs\;C:\Program Files\PuTTY\;C:\Program Files\Amazon\AWSCLI\;C:\WINDOWS\System32\OpenSSH\;C:\Program Files\Git\cmd;C:\Program Files\Microsoft VS Code\bin;C:\Maven\apache-maven-3.6.0\bin;C:\Users\Dell\AppData\Local\Programs\Python\Python36-32\Scripts\;C:\Users\Dell\AppData\Local\Programs\Python\Python36-32\;C:\Users\Dell\AppData\Local\Microsoft\WindowsApps;C:\Program Files\MySQL\MySQL Server 5.6\bin;C:\Program Files\Microsoft VS Code\bin;C:\Users\Dell\AppData\Roaming\npm;C:\Flutter\flutter\bin;
USERNAME=Dell
OS=Windows_NT
PROCESSOR_IDENTIFIER=Intel64 Family 6 Model 69 Stepping 1, GenuineIntel



---------------  S Y S T E M  ---------------

OS: Windows 10.0 , 64 bit Build 18342 (10.0.18342.1)

CPU:total 4 (initial active 4) (2 cores per cpu, 2 threads per core) family 6 model 69 stepping 1, cmov, cx8, fxsr, mmx, sse, sse2, sse3, ssse3, sse4.1, sse4.2, popcnt, avx, avx2, aes, clmul, erms, lzcnt, ht, tsc, tscinvbit, bmi1, bmi2

Memory: 4k page, physical 8290196k(776648k free), swap 10242964k(5136k free)

vm_info: OpenJDK 64-Bit Server VM (25.152-b06) for windows-amd64 JRE (1.8.0_152-release-1136-b06), built by "builder" with MS VC++ 10.0 (VS2010)

time: Sun Mar 24 18:52:40 2019
elapsed time: 91 seconds (0d 0h 1m 31s)

