#
# There is insufficient memory for the Java Runtime Environment to continue.
# Native memory allocation (malloc) failed to allocate 262160 bytes for Chunk::new
# Possible reasons:
#   The system is out of physical RAM or swap space
#   In 32 bit mode, the process size limit was hit
# Possible solutions:
#   Reduce memory load on the system
#   Increase physical memory or swap space
#   Check if swap backing store is full
#   Use 64 bit Java on a 64 bit OS
#   Decrease Java heap size (-Xmx/-Xms)
#   Decrease number of Java threads
#   Decrease Java thread stack sizes (-Xss)
#   Set larger code cache with -XX:ReservedCodeCacheSize=
# This output file may be truncated or incomplete.
#
#  Out of Memory Error (allocation.cpp:390), pid=17092, tid=0x000000000000458c
#
# JRE version: OpenJDK Runtime Environment (8.0_152-b06) (build 1.8.0_152-release-1136-b06)
# Java VM: OpenJDK 64-Bit Server VM (25.152-b06 mixed mode windows-amd64 compressed oops)
# Failed to write core dump. Minidumps are not enabled by default on client versions of Windows
#

---------------  T H R E A D  ---------------

Current thread (0x000000001611a000):  JavaThread "C2 CompilerThread0" daemon [_thread_in_native, id=17804, stack(0x0000000017770000,0x0000000017870000)]

Stack: [0x0000000017770000,0x0000000017870000]
[error occurred during error reporting (printing stack bounds), id 0xc0000005]

Native frames: (J=compiled Java code, j=interpreted, Vv=VM code, C=native code)


Current CompileTask:
C2: 126570 14955       4       com.android.tools.r8.ir.regalloc.LinearScanRegisterAllocator::allocateSingleInterval (797 bytes)


---------------  P R O C E S S  ---------------

Java Threads: ( => current thread )
  0x000000001c568000 JavaThread "ForkJoinPool.commonPool-worker-2" daemon [_thread_in_Java, id=9616, stack(0x00000000258c0000,0x00000000259c0000)]
  0x000000001c569800 JavaThread "ForkJoinPool.commonPool-worker-1" daemon [_thread_in_vm, id=7360, stack(0x00000000257c0000,0x00000000258c0000)]
  0x000000001c56a800 JavaThread "ForkJoinPool.commonPool-worker-0" daemon [_thread_in_Java, id=13852, stack(0x00000000250a0000,0x00000000251a0000)]
  0x000000001c565000 JavaThread "Cache worker for Java compile cache (E:\My_Work\Android\Published Apps\InstantDownloader\.gradle\4.6\javaCompile)" [_thread_blocked, id=18076, stack(0x00000000009e0000,0x0000000000ae0000)]
  0x000000001c55c000 JavaThread "stdout" daemon [_thread_in_native, id=9924, stack(0x0000000023ca0000,0x0000000023da0000)]
  0x000000001c560000 JavaThread "stderr" daemon [_thread_in_native, id=7776, stack(0x0000000023ba0000,0x0000000023ca0000)]
  0x000000001c55e800 JavaThread "stdout" daemon [_thread_in_native, id=4784, stack(0x0000000023aa0000,0x0000000023ba0000)]
  0x000000001c55d800 JavaThread "stderr" daemon [_thread_in_native, id=9168, stack(0x00000000239a0000,0x0000000023aa0000)]
  0x000000001c560800 JavaThread "stdout" daemon [_thread_in_native, id=12556, stack(0x00000000238a0000,0x00000000239a0000)]
  0x000000001c55d000 JavaThread "stderr" daemon [_thread_in_native, id=10760, stack(0x00000000237a0000,0x00000000238a0000)]
  0x000000001c561800 JavaThread "pool-3-thread-1" [_thread_blocked, id=18300, stack(0x00000000236a0000,0x00000000237a0000)]
  0x000000001c356000 JavaThread "Task worker for ':' Thread 3" [_thread_blocked, id=9728, stack(0x0000000022de0000,0x0000000022ee0000)]
  0x000000001c358800 JavaThread "Task worker for ':' Thread 2" [_thread_blocked, id=1800, stack(0x0000000022ce0000,0x0000000022de0000)]
  0x000000001c355800 JavaThread "Task worker for ':'" [_thread_blocked, id=4900, stack(0x0000000022be0000,0x0000000022ce0000)]
  0x000000001c351000 JavaThread "Cache worker for Build Output Cleanup Cache (E:\My_Work\Android\Published Apps\InstantDownloader\.gradle\buildOutputCleanup)" [_thread_blocked, id=4576, stack(0x0000000022ae0000,0x0000000022be0000)]
  0x000000001c354800 JavaThread "Cache worker for task history cache (E:\My_Work\Android\Published Apps\InstantDownloader\.gradle\4.6\taskHistory)" [_thread_blocked, id=4364, stack(0x00000000229e0000,0x0000000022ae0000)]
  0x000000001c357800 JavaThread "Cache worker for file content cache (E:\My_Work\Android\Published Apps\InstantDownloader\.gradle\4.6\fileContent)" [_thread_blocked, id=4856, stack(0x0000000021e60000,0x0000000021f60000)]
  0x000000001c353000 JavaThread "Memory manager" [_thread_blocked, id=9396, stack(0x0000000021760000,0x0000000021860000)]
  0x000000001adb5800 JavaThread "pool-1-thread-1" [_thread_blocked, id=14124, stack(0x0000000021460000,0x0000000021560000)]
  0x000000001adb9000 JavaThread "Build operations Thread 4" [_thread_blocked, id=17156, stack(0x0000000020e60000,0x0000000020f60000)]
  0x000000001adb8800 JavaThread "Build operations Thread 3" [_thread_blocked, id=16976, stack(0x0000000020d60000,0x0000000020e60000)]
  0x000000001adb7800 JavaThread "Build operations Thread 2" [_thread_blocked, id=16840, stack(0x0000000020c60000,0x0000000020d60000)]
  0x000000001adba000 JavaThread "Build operations" [_thread_blocked, id=15852, stack(0x0000000020b60000,0x0000000020c60000)]
  0x000000001adb7000 JavaThread "Cache worker for Artifact transforms cache (C:\Users\Dell\.gradle\caches\transforms-1)" [_thread_blocked, id=17592, stack(0x0000000020580000,0x0000000020680000)]
  0x000000001adb3000 JavaThread "Cache worker for file hash cache (E:\My_Work\Android\Published Apps\InstantDownloader\.gradle\4.6\fileHashes)" [_thread_blocked, id=18340, stack(0x000000001bc90000,0x000000001bd90000)]
  0x0000000019412000 JavaThread "File lock request listener" [_thread_in_native, id=16340, stack(0x000000001abc0000,0x000000001acc0000)]
  0x00000000192b4800 JavaThread "Cache worker for file hash cache (C:\Users\Dell\.gradle\caches\4.6\fileHashes)" [_thread_blocked, id=18332, stack(0x000000001aac0000,0x000000001abc0000)]
  0x000000001921a000 JavaThread "Asynchronous log dispatcher for DefaultDaemonConnection: socket connection from /127.0.0.1:61438 to /127.0.0.1:61439" [_thread_blocked, id=9436, stack(0x000000001a6c0000,0x000000001a7c0000)]
  0x0000000019217000 JavaThread "Daemon worker" [_thread_blocked, id=16524, stack(0x000000001a5c0000,0x000000001a6c0000)]
  0x00000000191b7800 JavaThread "Cancel handler" [_thread_blocked, id=6240, stack(0x000000001a4c0000,0x000000001a5c0000)]
  0x000000001919a000 JavaThread "Handler for socket connection from /127.0.0.1:61438 to /127.0.0.1:61439" [_thread_in_native, id=1124, stack(0x000000001a1c0000,0x000000001a2c0000)]
  0x0000000017d49000 JavaThread "Daemon" [_thread_blocked, id=5060, stack(0x000000001a0c0000,0x000000001a1c0000)]
  0x00000000190ee000 JavaThread "Daemon periodic checks" [_thread_blocked, id=7696, stack(0x0000000019fc0000,0x000000001a0c0000)]
  0x00000000190db800 JavaThread "Incoming local TCP Connector on port 61438" [_thread_in_native, id=4728, stack(0x0000000019d80000,0x0000000019e80000)]
  0x0000000017a98800 JavaThread "Service Thread" daemon [_thread_blocked, id=13624, stack(0x0000000017e70000,0x0000000017f70000)]
  0x000000001612d800 JavaThread "C1 CompilerThread2" daemon [_thread_in_vm, id=11844, stack(0x0000000017970000,0x0000000017a70000)]
  0x000000001611d000 JavaThread "C2 CompilerThread1" daemon [_thread_in_native, id=12212, stack(0x0000000017870000,0x0000000017970000)]
=>0x000000001611a000 JavaThread "C2 CompilerThread0" daemon [_thread_in_native, id=17804, stack(0x0000000017770000,0x0000000017870000)]
  0x0000000016127800 JavaThread "Attach Listener" daemon [_thread_blocked, id=14328, stack(0x0000000017670000,0x0000000017770000)]
  0x0000000016126000 JavaThread "Signal Dispatcher" daemon [_thread_blocked, id=1888, stack(0x0000000017570000,0x0000000017670000)]
  0x0000000016108800 JavaThread "Finalizer" daemon [_thread_blocked, id=8932, stack(0x0000000017370000,0x0000000017470000)]
  0x00000000027a2800 JavaThread "Reference Handler" daemon [_thread_blocked, id=13296, stack(0x0000000017270000,0x0000000017370000)]
  0x00000000025ae000 JavaThread "main" [_thread_blocked, id=17492, stack(0x00000000025b0000,0x00000000026b0000)]

Other Threads:
  0x00000000160e5000 VMThread [stack: 0x0000000017170000,0x0000000017270000] [id=6740]
  0x000000001615b000 WatcherThread [stack: 0x0000000017f70000,0x0000000018070000] [id=12236]

VM state:not at safepoint (normal execution)

VM Mutex/Monitor currently owned by a thread:  ([mutex/lock_event])
[0x00000000026b1f50] CompiledIC_lock - owner thread: 0x000000001612d800

Heap:
 PSYoungGen      total 266752K, used 25890K [0x00000000e0000000, 0x00000000f4b00000, 0x0000000100000000)
  eden space 229888K, 6% used [0x00000000e0000000,0x00000000e0f1a4f0,0x00000000ee080000)
  from space 36864K, 28% used [0x00000000ee080000,0x00000000eeaae320,0x00000000f0480000)
  to   space 35328K, 0% used [0x00000000f2880000,0x00000000f2880000,0x00000000f4b00000)
 ParOldGen       total 241664K, used 65846K [0x00000000a0000000, 0x00000000aec00000, 0x00000000e0000000)
  object space 241664K, 27% used [0x00000000a0000000,0x00000000a404daa0,0x00000000aec00000)
 Metaspace       used 98162K, capacity 100656K, committed 100884K, reserved 1136640K
  class space    used 12208K, capacity 12811K, committed 12860K, reserved 1048576K

Card table byte_map: [0x0000000011b70000,0x0000000011e80000] byte_map_base: 0x0000000011670000

Marking Bits: (ParMarkBitMap*) 0x0000000061dd5aa0
 Begin Bits: [0x0000000012480000, 0x0000000013c80000)
 End Bits:   [0x0000000013c80000, 0x0000000015480000)

Polling page: 0x00000000024f0000

CodeCache: size=245760Kb used=42730Kb max_used=42789Kb free=203030Kb
 bounds [0x00000000027b0000, 0x00000000051b0000, 0x00000000117b0000]
 total_blobs=13910 nmethods=12997 adapters=823
 compilation: enabled

Compilation events (10 events):
Event: 126.519 Thread 0x000000001612d800 15334       2       java.util.TimSort::binarySort (223 bytes)
Event: 126.520 Thread 0x000000001612d800 nmethod 15334 0x00000000051a3410 code [0x00000000051a35c0, 0x00000000051a3b98]
Event: 126.522 Thread 0x000000001612d800 15335       2       java.util.TreeSet::size (10 bytes)
Event: 126.523 Thread 0x000000001612d800 nmethod 15335 0x00000000051a4010 code [0x00000000051a4180, 0x00000000051a4308]
Event: 126.524 Thread 0x000000001612d800 15336       1       java.util.TreeMap::comparator (5 bytes)
Event: 126.524 Thread 0x000000001612d800 nmethod 15336 0x00000000051a4390 code [0x00000000051a44e0, 0x00000000051a45f0]
Event: 126.525 Thread 0x000000001612d800 15337       2       com.android.tools.r8.ir.code.Unop::source (14 bytes)
Event: 126.525 Thread 0x000000001612d800 nmethod 15337 0x00000000051a4650 code [0x00000000051a47c0, 0x00000000051a4968]
Event: 126.540 Thread 0x000000001612d800 15338       2       java.util.concurrent.ConcurrentHashMap$CollectionView::<init> (10 bytes)
Event: 126.540 Thread 0x000000001612d800 nmethod 15338 0x00000000051a4a10 code [0x00000000051a4b60, 0x00000000051a4cd0]

GC Heap History (10 events):
Event: 83.630 GC heap before
{Heap before GC invocations=15 (full 3):
 PSYoungGen      total 198144K, used 170496K [0x00000000e0000000, 0x00000000efb80000, 0x0000000100000000)
  eden space 170496K, 100% used [0x00000000e0000000,0x00000000ea680000,0x00000000ea680000)
  from space 27648K, 0% used [0x00000000ea680000,0x00000000ea680000,0x00000000ec180000)
  to   space 27648K, 0% used [0x00000000ee080000,0x00000000ee080000,0x00000000efb80000)
 ParOldGen       total 157696K, used 33152K [0x00000000a0000000, 0x00000000a9a00000, 0x00000000e0000000)
  object space 157696K, 21% used [0x00000000a0000000,0x00000000a2060218,0x00000000a9a00000)
 Metaspace       used 66452K, capacity 68090K, committed 68372K, reserved 1107968K
  class space    used 8742K, capacity 9204K, committed 9276K, reserved 1048576K
Event: 83.661 GC heap after
Heap after GC invocations=15 (full 3):
 PSYoungGen      total 225792K, used 14586K [0x00000000e0000000, 0x00000000ef900000, 0x0000000100000000)
  eden space 200704K, 0% used [0x00000000e0000000,0x00000000e0000000,0x00000000ec400000)
  from space 25088K, 58% used [0x00000000ee080000,0x00000000eeebebc8,0x00000000ef900000)
  to   space 27136K, 0% used [0x00000000ec400000,0x00000000ec400000,0x00000000ede80000)
 ParOldGen       total 157696K, used 33160K [0x00000000a0000000, 0x00000000a9a00000, 0x00000000e0000000)
  object space 157696K, 21% used [0x00000000a0000000,0x00000000a2062218,0x00000000a9a00000)
 Metaspace       used 66452K, capacity 68090K, committed 68372K, reserved 1107968K
  class space    used 8742K, capacity 9204K, committed 9276K, reserved 1048576K
}
Event: 107.447 GC heap before
{Heap before GC invocations=16 (full 3):
 PSYoungGen      total 225792K, used 215290K [0x00000000e0000000, 0x00000000ef900000, 0x0000000100000000)
  eden space 200704K, 100% used [0x00000000e0000000,0x00000000ec400000,0x00000000ec400000)
  from space 25088K, 58% used [0x00000000ee080000,0x00000000eeebebc8,0x00000000ef900000)
  to   space 27136K, 0% used [0x00000000ec400000,0x00000000ec400000,0x00000000ede80000)
 ParOldGen       total 157696K, used 33160K [0x00000000a0000000, 0x00000000a9a00000, 0x00000000e0000000)
  object space 157696K, 21% used [0x00000000a0000000,0x00000000a2062218,0x00000000a9a00000)
 Metaspace       used 85638K, capacity 87512K, committed 87828K, reserved 1126400K
  class space    used 10860K, capacity 11322K, committed 11324K, reserved 1048576K
Event: 107.499 GC heap after
Heap after GC invocations=16 (full 3):
 PSYoungGen      total 227840K, used 27126K [0x00000000e0000000, 0x00000000f2800000, 0x0000000100000000)
  eden space 200704K, 0% used [0x00000000e0000000,0x00000000e0000000,0x00000000ec400000)
  from space 27136K, 99% used [0x00000000ec400000,0x00000000ede7d990,0x00000000ede80000)
  to   space 35840K, 0% used [0x00000000f0500000,0x00000000f0500000,0x00000000f2800000)
 ParOldGen       total 157696K, used 44402K [0x00000000a0000000, 0x00000000a9a00000, 0x00000000e0000000)
  object space 157696K, 28% used [0x00000000a0000000,0x00000000a2b5c900,0x00000000a9a00000)
 Metaspace       used 85638K, capacity 87512K, committed 87828K, reserved 1126400K
  class space    used 10860K, capacity 11322K, committed 11324K, reserved 1048576K
}
Event: 121.353 GC heap before
{Heap before GC invocations=17 (full 3):
 PSYoungGen      total 227840K, used 129882K [0x00000000e0000000, 0x00000000f2800000, 0x0000000100000000)
  eden space 200704K, 51% used [0x00000000e0000000,0x00000000e6458ea0,0x00000000ec400000)
  from space 27136K, 99% used [0x00000000ec400000,0x00000000ede7d990,0x00000000ede80000)
  to   space 35840K, 0% used [0x00000000f0500000,0x00000000f0500000,0x00000000f2800000)
 ParOldGen       total 157696K, used 44402K [0x00000000a0000000, 0x00000000a9a00000, 0x00000000e0000000)
  object space 157696K, 28% used [0x00000000a0000000,0x00000000a2b5c900,0x00000000a9a00000)
 Metaspace       used 96004K, capacity 98290K, committed 98380K, reserved 1134592K
  class space    used 12067K, capacity 12646K, committed 12732K, reserved 1048576K
Event: 121.405 GC heap after
Heap after GC invocations=17 (full 3):
 PSYoungGen      total 265728K, used 22680K [0x00000000e0000000, 0x00000000f2880000, 0x0000000100000000)
  eden space 229888K, 0% used [0x00000000e0000000,0x00000000e0000000,0x00000000ee080000)
  from space 35840K, 63% used [0x00000000f0500000,0x00000000f1b26250,0x00000000f2800000)
  to   space 36864K, 0% used [0x00000000ee080000,0x00000000ee080000,0x00000000f0480000)
 ParOldGen       total 157696K, used 55740K [0x00000000a0000000, 0x00000000a9a00000, 0x00000000e0000000)
  object space 157696K, 35% used [0x00000000a0000000,0x00000000a366f340,0x00000000a9a00000)
 Metaspace       used 96004K, capacity 98290K, committed 98380K, reserved 1134592K
  class space    used 12067K, capacity 12646K, committed 12732K, reserved 1048576K
}
Event: 121.405 GC heap before
{Heap before GC invocations=18 (full 4):
 PSYoungGen      total 265728K, used 22680K [0x00000000e0000000, 0x00000000f2880000, 0x0000000100000000)
  eden space 229888K, 0% used [0x00000000e0000000,0x00000000e0000000,0x00000000ee080000)
  from space 35840K, 63% used [0x00000000f0500000,0x00000000f1b26250,0x00000000f2800000)
  to   space 36864K, 0% used [0x00000000ee080000,0x00000000ee080000,0x00000000f0480000)
 ParOldGen       total 157696K, used 55740K [0x00000000a0000000, 0x00000000a9a00000, 0x00000000e0000000)
  object space 157696K, 35% used [0x00000000a0000000,0x00000000a366f340,0x00000000a9a00000)
 Metaspace       used 96004K, capacity 98290K, committed 98380K, reserved 1134592K
  class space    used 12067K, capacity 12646K, committed 12732K, reserved 1048576K
Event: 121.926 GC heap after
Heap after GC invocations=18 (full 4):
 PSYoungGen      total 265728K, used 0K [0x00000000e0000000, 0x00000000f2880000, 0x0000000100000000)
  eden space 229888K, 0% used [0x00000000e0000000,0x00000000e0000000,0x00000000ee080000)
  from space 35840K, 0% used [0x00000000f0500000,0x00000000f0500000,0x00000000f2800000)
  to   space 36864K, 0% used [0x00000000ee080000,0x00000000ee080000,0x00000000f0480000)
 ParOldGen       total 241664K, used 65838K [0x00000000a0000000, 0x00000000aec00000, 0x00000000e0000000)
  object space 241664K, 27% used [0x00000000a0000000,0x00000000a404baa0,0x00000000aec00000)
 Metaspace       used 95905K, capacity 98030K, committed 98380K, reserved 1134592K
  class space    used 12032K, capacity 12586K, committed 12732K, reserved 1048576K
}
Event: 126.388 GC heap before
{Heap before GC invocations=19 (full 4):
 PSYoungGen      total 265728K, used 229888K [0x00000000e0000000, 0x00000000f2880000, 0x0000000100000000)
  eden space 229888K, 100% used [0x00000000e0000000,0x00000000ee080000,0x00000000ee080000)
  from space 35840K, 0% used [0x00000000f0500000,0x00000000f0500000,0x00000000f2800000)
  to   space 36864K, 0% used [0x00000000ee080000,0x00000000ee080000,0x00000000f0480000)
 ParOldGen       total 241664K, used 65838K [0x00000000a0000000, 0x00000000aec00000, 0x00000000e0000000)
  object space 241664K, 27% used [0x00000000a0000000,0x00000000a404baa0,0x00000000aec00000)
 Metaspace       used 98146K, capacity 100592K, committed 100884K, reserved 1136640K
  class space    used 12208K, capacity 12811K, committed 12860K, reserved 1048576K
Event: 126.419 GC heap after
Heap after GC invocations=19 (full 4):
 PSYoungGen      total 266752K, used 10424K [0x00000000e0000000, 0x00000000f4b00000, 0x0000000100000000)
  eden space 229888K, 0% used [0x00000000e0000000,0x00000000e0000000,0x00000000ee080000)
  from space 36864K, 28% used [0x00000000ee080000,0x00000000eeaae320,0x00000000f0480000)
  to   space 35328K, 0% used [0x00000000f2880000,0x00000000f2880000,0x00000000f4b00000)
 ParOldGen       total 241664K, used 65846K [0x00000000a0000000, 0x00000000aec00000, 0x00000000e0000000)
  object space 241664K, 27% used [0x00000000a0000000,0x00000000a404daa0,0x00000000aec00000)
 Metaspace       used 98146K, capacity 100592K, committed 100884K, reserved 1136640K
  class space    used 12208K, capacity 12811K, committed 12860K, reserved 1048576K
}

Deoptimization events (10 events):
Event: 124.613 Thread 0x000000001c568000 Uncommon trap: reason=class_check action=maybe_recompile pc=0x0000000004d4fc18 method=com.android.tools.r8.ir.code.Instruction.identicalOutputAfterRegisterAllocation(Lcom/android/tools/r8/ir/code/Value;ILcom/android/tools/r8/ir/code/Value;ILcom/android/to
Event: 124.613 Thread 0x000000001c568000 Uncommon trap: reason=class_check action=maybe_recompile pc=0x0000000004d4fc18 method=com.android.tools.r8.ir.code.Instruction.identicalOutputAfterRegisterAllocation(Lcom/android/tools/r8/ir/code/Value;ILcom/android/tools/r8/ir/code/Value;ILcom/android/to
Event: 124.613 Thread 0x000000001c568000 Uncommon trap: reason=class_check action=maybe_recompile pc=0x0000000004d4fc18 method=com.android.tools.r8.ir.code.Instruction.identicalOutputAfterRegisterAllocation(Lcom/android/tools/r8/ir/code/Value;ILcom/android/tools/r8/ir/code/Value;ILcom/android/to
Event: 125.000 Thread 0x000000001c569800 Uncommon trap: reason=unstable_if action=reinterpret pc=0x000000000505a004 method=com.android.tools.r8.ir.optimize.MoveEliminator.shouldBeEliminated(Lcom/android/tools/r8/ir/code/Instruction;)Z @ 148
Event: 125.001 Thread 0x000000001c569800 Uncommon trap: reason=unstable_if action=reinterpret pc=0x0000000004f8da64 method=com.android.tools.r8.ir.regalloc.LiveIntervals.getSplitCovering(I)Lcom/android/tools/r8/ir/regalloc/LiveIntervals; @ 143
Event: 125.323 Thread 0x000000001c56a800 Uncommon trap: reason=unstable_if action=reinterpret pc=0x00000000050bfe84 method=com.android.tools.r8.ir.code.Instruction.identicalOutputAfterRegisterAllocation(Lcom/android/tools/r8/ir/code/Value;ILcom/android/tools/r8/ir/code/Value;ILcom/android/tools/
Event: 126.028 Thread 0x000000001c568000 Uncommon trap: reason=unstable_if action=reinterpret pc=0x0000000003458a34 method=java.util.Arrays.equals([Ljava/lang/Object;[Ljava/lang/Object;)Z @ 47
Event: 126.323 Thread 0x000000001c569800 Uncommon trap: reason=array_check action=maybe_recompile pc=0x000000000515b134 method=java.util.TimSort.binarySort([Ljava/lang/Object;IIILjava/util/Comparator;)V @ 183
Event: 126.323 Thread 0x000000001c569800 Uncommon trap: reason=array_check action=maybe_recompile pc=0x000000000515b134 method=java.util.TimSort.binarySort([Ljava/lang/Object;IIILjava/util/Comparator;)V @ 183
Event: 126.366 Thread 0x000000001c56a800 Uncommon trap: reason=unstable_if action=reinterpret pc=0x00000000051648dc method=com.android.tools.r8.ir.conversion.JarSourceCode.traceInstruction(ILcom/android/tools/r8/ir/conversion/IRBuilder;)I @ 203

Classes redefined (0 events):
No events

Internal exceptions (10 events):
Event: 116.096 Thread 0x0000000019217000 Exception <a 'sun/nio/fs/WindowsException'> (0x00000000e4701f30) thrown at [D:\src\AOSP-openjdk-cygwin\jdk8u\hotspot\src\share\vm\prims\jni.cpp, line 709]
Event: 116.097 Thread 0x0000000019217000 Exception <a 'sun/nio/fs/WindowsException'> (0x00000000e4702e40) thrown at [D:\src\AOSP-openjdk-cygwin\jdk8u\hotspot\src\share\vm\prims\jni.cpp, line 709]
Event: 116.097 Thread 0x0000000019217000 Exception <a 'sun/nio/fs/WindowsException'> (0x00000000e4704f00) thrown at [D:\src\AOSP-openjdk-cygwin\jdk8u\hotspot\src\share\vm\prims\jni.cpp, line 709]
Event: 116.238 Thread 0x0000000019217000 Exception <a 'sun/nio/fs/WindowsException'> (0x00000000e47924a0) thrown at [D:\src\AOSP-openjdk-cygwin\jdk8u\hotspot\src\share\vm\prims\jni.cpp, line 709]
Event: 116.238 Thread 0x0000000019217000 Exception <a 'sun/nio/fs/WindowsException'> (0x00000000e47933b0) thrown at [D:\src\AOSP-openjdk-cygwin\jdk8u\hotspot\src\share\vm\prims\jni.cpp, line 709]
Event: 116.239 Thread 0x0000000019217000 Exception <a 'sun/nio/fs/WindowsException'> (0x00000000e4795470) thrown at [D:\src\AOSP-openjdk-cygwin\jdk8u\hotspot\src\share\vm\prims\jni.cpp, line 709]
Event: 116.294 Thread 0x0000000019217000 Exception <a 'sun/nio/fs/WindowsException'> (0x00000000e47d36e8) thrown at [D:\src\AOSP-openjdk-cygwin\jdk8u\hotspot\src\share\vm\prims\jni.cpp, line 709]
Event: 116.294 Thread 0x0000000019217000 Exception <a 'sun/nio/fs/WindowsException'> (0x00000000e47d45f8) thrown at [D:\src\AOSP-openjdk-cygwin\jdk8u\hotspot\src\share\vm\prims\jni.cpp, line 709]
Event: 116.294 Thread 0x0000000019217000 Exception <a 'sun/nio/fs/WindowsException'> (0x00000000e47d66b8) thrown at [D:\src\AOSP-openjdk-cygwin\jdk8u\hotspot\src\share\vm\prims\jni.cpp, line 709]
Event: 124.151 Thread 0x000000001c568000 Implicit null exception at 0x0000000004f2e344 to 0x0000000004f31a65

Events (10 events):
Event: 126.366 Thread 0x000000001c56a800 Uncommon trap: trap_request=0xffffff65 fr.pc=0x00000000051648dc
Event: 126.366 Thread 0x000000001c56a800 DEOPT PACKING pc=0x00000000051648dc sp=0x000000002519e1a0
Event: 126.366 Thread 0x000000001c56a800 DEOPT UNPACKING pc=0x00000000027f557b sp=0x000000002519e1d8 mode 2
Event: 126.386 Executing VM operation: ParallelGCFailedAllocation
Event: 126.419 Executing VM operation: ParallelGCFailedAllocation done
Event: 126.419 Executing VM operation: RevokeBias
Event: 126.420 Executing VM operation: RevokeBias done
Event: 126.465 Executing VM operation: RevokeBias
Event: 126.474 Executing VM operation: RevokeBias done
Event: 126.542 Executing VM operation: RevokeBias


Dynamic libraries:
0x00007ff6d3250000 - 0x00007ff6d3281000 	C:\Program Files\Android\Android Studio\jre\bin\java.exe
0x00007ffe5c440000 - 0x00007ffe5c62f000 	C:\WINDOWS\SYSTEM32\ntdll.dll
0x00007ffe5c340000 - 0x00007ffe5c3f2000 	C:\WINDOWS\System32\KERNEL32.DLL
0x00007ffe59620000 - 0x00007ffe598c9000 	C:\WINDOWS\System32\KERNELBASE.dll
0x00007ffe5b640000 - 0x00007ffe5b6e2000 	C:\WINDOWS\System32\ADVAPI32.dll
0x00007ffe5b1a0000 - 0x00007ffe5b23e000 	C:\WINDOWS\System32\msvcrt.dll
0x00007ffe5b100000 - 0x00007ffe5b197000 	C:\WINDOWS\System32\sechost.dll
0x00007ffe5bc60000 - 0x00007ffe5bd7d000 	C:\WINDOWS\System32\RPCRT4.dll
0x00007ffe5c070000 - 0x00007ffe5c208000 	C:\WINDOWS\System32\USER32.dll
0x00007ffe59410000 - 0x00007ffe59431000 	C:\WINDOWS\System32\win32u.dll
0x00007ffe5a830000 - 0x00007ffe5a856000 	C:\WINDOWS\System32\GDI32.dll
0x00007ffe599f0000 - 0x00007ffe59b84000 	C:\WINDOWS\System32\gdi32full.dll
0x00007ffe598d0000 - 0x00007ffe5996e000 	C:\WINDOWS\System32\msvcp_win.dll
0x00007ffe59520000 - 0x00007ffe5961a000 	C:\WINDOWS\System32\ucrtbase.dll
0x00007ffe4bf80000 - 0x00007ffe4c205000 	C:\WINDOWS\WinSxS\amd64_microsoft.windows.common-controls_6595b64144ccf1df_6.0.18342.8_none_d1d7f3b7244f7a80\COMCTL32.dll
0x00007ffe5b300000 - 0x00007ffe5b636000 	C:\WINDOWS\System32\combase.dll
0x00007ffe59970000 - 0x00007ffe599ef000 	C:\WINDOWS\System32\bcryptPrimitives.dll
0x00007ffe5c2a0000 - 0x00007ffe5c2ce000 	C:\WINDOWS\System32\IMM32.DLL
0x0000000061530000 - 0x0000000061602000 	C:\Program Files\Android\Android Studio\jre\jre\bin\msvcr100.dll
0x0000000061610000 - 0x0000000061e51000 	C:\Program Files\Android\Android Studio\jre\jre\bin\server\jvm.dll
0x00007ffe5c330000 - 0x00007ffe5c338000 	C:\WINDOWS\System32\PSAPI.DLL
0x00007ffe4c2f0000 - 0x00007ffe4c314000 	C:\WINDOWS\SYSTEM32\WINMM.dll
0x00007ffe522c0000 - 0x00007ffe522ca000 	C:\WINDOWS\SYSTEM32\VERSION.dll
0x00007ffe497f0000 - 0x00007ffe497f9000 	C:\WINDOWS\SYSTEM32\WSOCK32.dll
0x00007ffe5c230000 - 0x00007ffe5c29f000 	C:\WINDOWS\System32\WS2_32.dll
0x00007ffe4c2c0000 - 0x00007ffe4c2ed000 	C:\WINDOWS\SYSTEM32\WINMMBASE.dll
0x00007ffe593c0000 - 0x00007ffe5940b000 	C:\WINDOWS\System32\cfgmgr32.dll
0x00007ffe526a0000 - 0x00007ffe526af000 	C:\Program Files\Android\Android Studio\jre\jre\bin\verify.dll
0x00007ffe51f00000 - 0x00007ffe51f29000 	C:\Program Files\Android\Android Studio\jre\jre\bin\java.dll
0x00007ffe52680000 - 0x00007ffe52696000 	C:\Program Files\Android\Android Studio\jre\jre\bin\zip.dll
0x00007ffe5aa10000 - 0x00007ffe5b0f1000 	C:\WINDOWS\System32\SHELL32.dll
0x00007ffe5b250000 - 0x00007ffe5b2f9000 	C:\WINDOWS\System32\shcore.dll
0x00007ffe59b90000 - 0x00007ffe5a313000 	C:\WINDOWS\System32\windows.storage.dll
0x00007ffe59310000 - 0x00007ffe5932f000 	C:\WINDOWS\System32\profapi.dll
0x00007ffe59370000 - 0x00007ffe593ba000 	C:\WINDOWS\System32\powrprof.dll
0x00007ffe59300000 - 0x00007ffe59310000 	C:\WINDOWS\System32\UMPDC.dll
0x00007ffe5a5c0000 - 0x00007ffe5a612000 	C:\WINDOWS\System32\shlwapi.dll
0x00007ffe59330000 - 0x00007ffe59341000 	C:\WINDOWS\System32\kernel.appcore.dll
0x00007ffe5a470000 - 0x00007ffe5a487000 	C:\WINDOWS\System32\cryptsp.dll
0x00007ffe517d0000 - 0x00007ffe517ea000 	C:\Program Files\Android\Android Studio\jre\jre\bin\net.dll
0x00007ffe58b10000 - 0x00007ffe58b77000 	C:\WINDOWS\system32\mswsock.dll
0x00007ffe51310000 - 0x00007ffe51321000 	C:\Program Files\Android\Android Studio\jre\jre\bin\nio.dll
0x00007ffe28540000 - 0x00007ffe2855e000 	C:\Users\Dell\.gradle\native\25\windows-amd64\native-platform.dll
0x00007ffe52340000 - 0x00007ffe5234d000 	C:\Program Files\Android\Android Studio\jre\jre\bin\management.dll
0x00007ffe586d0000 - 0x00007ffe58703000 	C:\WINDOWS\system32\rsaenh.dll
0x00007ffe59440000 - 0x00007ffe59466000 	C:\WINDOWS\System32\bcrypt.dll
0x00007ffe59220000 - 0x00007ffe59245000 	C:\WINDOWS\SYSTEM32\USERENV.dll
0x00007ffe58ce0000 - 0x00007ffe58cec000 	C:\WINDOWS\SYSTEM32\CRYPTBASE.dll
0x00007ffe58870000 - 0x00007ffe588aa000 	C:\WINDOWS\SYSTEM32\IPHLPAPI.DLL
0x00007ffe5b240000 - 0x00007ffe5b248000 	C:\WINDOWS\System32\NSI.dll
0x00007ffe4f860000 - 0x00007ffe4f876000 	C:\WINDOWS\SYSTEM32\dhcpcsvc6.DLL
0x00007ffe4ff50000 - 0x00007ffe4ff6c000 	C:\WINDOWS\SYSTEM32\dhcpcsvc.DLL
0x00007ffe588b0000 - 0x00007ffe5897a000 	C:\WINDOWS\SYSTEM32\DNSAPI.dll
0x00007ffe501d0000 - 0x00007ffe501f4000 	C:\Program Files\Android\Android Studio\jre\jre\bin\sunec.dll
0x00007ffe4b2b0000 - 0x00007ffe4b2ba000 	C:\Windows\System32\rasadhlp.dll
0x00007ffe4f600000 - 0x00007ffe4f677000 	C:\WINDOWS\System32\fwpuclnt.dll
0x00007ffe52980000 - 0x00007ffe5298b000 	C:\Program Files\Android\Android Studio\jre\jre\bin\sunmscapi.dll
0x00007ffe5a320000 - 0x00007ffe5a469000 	C:\WINDOWS\System32\CRYPT32.dll
0x00007ffe59350000 - 0x00007ffe59362000 	C:\WINDOWS\System32\MSASN1.dll

VM Arguments:
jvm_args: -Xmx1536m -Dfile.encoding=windows-1252 -Duser.country=US -Duser.language=en -Duser.variant 
java_command: org.gradle.launcher.daemon.bootstrap.GradleDaemon 4.6
java_class_path (initial): C:\Users\Dell\.gradle\wrapper\dists\gradle-4.6-all\bcst21l2brirad8k2ben1letg\gradle-4.6\lib\gradle-launcher-4.6.jar
Launcher Type: SUN_STANDARD

Environment Variables:
CLASSPATH=C:\Program Files\Java\external-libs\commons-logging-1.2;C:\Program Files\Java\external-libs\spring-framework-4.3.9.RELEASE\libs
PATH=C:\ProgramData\Oracle\Java\javapath;C:\WINDOWS\system32;C:\WINDOWS;C:\WINDOWS\System32\Wbem;C:\WINDOWS\System32\WindowsPowerShell\v1.0\;C:\Program Files\Java\jdk1.8.0_131\bin;C:\Python27;C:\Users\Dell\AppData\Local\Microsoft\WindowsApps;C:\adb;C:\WINDOWS\system32;C:\WINDOWS;C:\WINDOWS\System32\Wbem;C:\WINDOWS\System32\WindowsPowerShell\v1.0\;C:\Program Files (x86)\NVIDIA Corporation\PhysX\Common;C:\Program Files (x86)\MySQL\MySQL Fabric 1.5 & MySQL Utilities 1.5\;C:\Program Files (x86)\MySQL\MySQL Fabric 1.5 & MySQL Utilities 1.5\Doctrine extensions for PHP\;C:\Program Files\Microsoft SQL Server\130\Tools\Binn\;C:\Program Files\Microsoft SQL Server\Client SDK\ODBC\110\Tools\Binn\;C:\Program Files (x86)\Microsoft SQL Server\120\Tools\Binn\;C:\Program Files\Microsoft SQL Server\120\Tools\Binn\;C:\Program Files\Microsoft SQL Server\120\DTS\Binn\;C:\Program Files (x86)\Microsoft SQL Server\120\Tools\Binn\ManagementStudio\;C:\Program Files (x86)\Microsoft SQL Server\120\DTS\Binn\;C:\Program Files\dotnet\;C:\Program Files\nodejs\;C:\Program Files\PuTTY\;C:\Program Files\Amazon\AWSCLI\;C:\WINDOWS\System32\OpenSSH\;C:\Program Files\Git\cmd;C:\Program Files\Microsoft VS Code\bin;C:\Maven\apache-maven-3.6.0\bin;C:\Users\Dell\AppData\Local\Programs\Python\Python36-32\Scripts\;C:\Users\Dell\AppData\Local\Programs\Python\Python36-32\;C:\Users\Dell\AppData\Local\Microsoft\WindowsApps;C:\Program Files\MySQL\MySQL Server 5.6\bin;C:\Program Files\Microsoft VS Code\bin;C:\Users\Dell\AppData\Roaming\npm;C:\Flutter\flutter\bin;
USERNAME=Dell
OS=Windows_NT
PROCESSOR_IDENTIFIER=Intel64 Family 6 Model 69 Stepping 1, GenuineIntel



---------------  S Y S T E M  ---------------

OS: Windows 10.0 , 64 bit Build 18342 (10.0.18342.1)

CPU:total 4 (initial active 4) (2 cores per cpu, 2 threads per core) family 6 model 69 stepping 1, cmov, cx8, fxsr, mmx, sse, sse2, sse3, ssse3, sse4.1, sse4.2, popcnt, avx, avx2, aes, clmul, erms, lzcnt, ht, tsc, tscinvbit, bmi1, bmi2

Memory: 4k page, physical 8290196k(824912k free), swap 10242964k(5140k free)

vm_info: OpenJDK 64-Bit Server VM (25.152-b06) for windows-amd64 JRE (1.8.0_152-release-1136-b06), built by "builder" with MS VC++ 10.0 (VS2010)

time: Sun Mar 24 18:50:51 2019
elapsed time: 126 seconds (0d 0h 2m 6s)

